[2.820s] Invoking command in '/home/mscrobotics2425laptop29/cctv_nav_ws/src/cctv_mapping': PYTHONPATH=/home/mscrobotics2425laptop29/cctv_nav_ws/build/cctv_mapping/prefix_override:/usr/lib/python3/dist-packages/colcon_core/task/python/colcon_distutils_commands:/home/mscrobotics2425laptop29/cctv_nav_ws/install/cctv_mapping/lib/python3.10/site-packages:${PYTHONPATH} /usr/bin/python3 -W ignore:setup.py install is deprecated -W ignore:easy_install command is deprecated setup.py egg_info --egg-base ../../build/cctv_mapping build --build-base /home/mscrobotics2425laptop29/cctv_nav_ws/build/cctv_mapping/build install --record /home/mscrobotics2425laptop29/cctv_nav_ws/build/cctv_mapping/install.log --single-version-externally-managed install_data
[3.466s] running egg_info
[3.470s] writing ../../build/cctv_mapping/cctv_mapping.egg-info/PKG-INFO
[3.471s] writing dependency_links to ../../build/cctv_mapping/cctv_mapping.egg-info/dependency_links.txt
[3.472s] writing entry points to ../../build/cctv_mapping/cctv_mapping.egg-info/entry_points.txt
[3.474s] writing requirements to ../../build/cctv_mapping/cctv_mapping.egg-info/requires.txt
[3.475s] writing top-level names to ../../build/cctv_mapping/cctv_mapping.egg-info/top_level.txt
[3.482s] reading manifest file '../../build/cctv_mapping/cctv_mapping.egg-info/SOURCES.txt'
[3.483s] writing manifest file '../../build/cctv_mapping/cctv_mapping.egg-info/SOURCES.txt'
[3.484s] running build
[3.484s] running build_py
[3.484s] running install
[3.486s] running install_lib
[3.491s] running install_data
[3.492s] running install_egg_info
[3.498s] removing '/home/mscrobotics2425laptop29/cctv_nav_ws/install/cctv_mapping/lib/python3.10/site-packages/cctv_mapping-0.0.0-py3.10.egg-info' (and everything under it)
[3.499s] Copying ../../build/cctv_mapping/cctv_mapping.egg-info to /home/mscrobotics2425laptop29/cctv_nav_ws/install/cctv_mapping/lib/python3.10/site-packages/cctv_mapping-0.0.0-py3.10.egg-info
[3.501s] running install_scripts
[3.564s] Installing map_builder script to /home/mscrobotics2425laptop29/cctv_nav_ws/install/cctv_mapping/lib/cctv_mapping
[3.565s] writing list of installed files to '/home/mscrobotics2425laptop29/cctv_nav_ws/build/cctv_mapping/install.log'
[3.652s] Invoked command in '/home/mscrobotics2425laptop29/cctv_nav_ws/src/cctv_mapping' returned '0': PYTHONPATH=/home/mscrobotics2425laptop29/cctv_nav_ws/build/cctv_mapping/prefix_override:/usr/lib/python3/dist-packages/colcon_core/task/python/colcon_distutils_commands:/home/mscrobotics2425laptop29/cctv_nav_ws/install/cctv_mapping/lib/python3.10/site-packages:${PYTHONPATH} /usr/bin/python3 -W ignore:setup.py install is deprecated -W ignore:easy_install command is deprecated setup.py egg_info --egg-base ../../build/cctv_mapping build --build-base /home/mscrobotics2425laptop29/cctv_nav_ws/build/cctv_mapping/build install --record /home/mscrobotics2425laptop29/cctv_nav_ws/build/cctv_mapping/install.log --single-version-externally-managed install_data
