running egg_info
creating ../../build/cctv_navigation/cctv_navigation.egg-info
writing ../../build/cctv_navigation/cctv_navigation.egg-info/PKG-INFO
writing dependency_links to ../../build/cctv_navigation/cctv_navigation.egg-info/dependency_links.txt
writing entry points to ../../build/cctv_navigation/cctv_navigation.egg-info/entry_points.txt
writing requirements to ../../build/cctv_navigation/cctv_navigation.egg-info/requires.txt
writing top-level names to ../../build/cctv_navigation/cctv_navigation.egg-info/top_level.txt
writing manifest file '../../build/cctv_navigation/cctv_navigation.egg-info/SOURCES.txt'
reading manifest file '../../build/cctv_navigation/cctv_navigation.egg-info/SOURCES.txt'
writing manifest file '../../build/cctv_navigation/cctv_navigation.egg-info/SOURCES.txt'
running build
running build_py
creating /home/mscrobotics2425laptop29/cctv_nav_ws/build/cctv_navigation/build
creating /home/mscrobotics2425laptop29/cctv_nav_ws/build/cctv_navigation/build/lib
creating /home/mscrobotics2425laptop29/cctv_nav_ws/build/cctv_navigation/build/lib/cctv_navigation
copying cctv_navigation/__init__.py -> /home/mscrobotics2425laptop29/cctv_nav_ws/build/cctv_navigation/build/lib/cctv_navigation
copying cctv_navigation/navigation_controller.py -> /home/mscrobotics2425laptop29/cctv_nav_ws/build/cctv_navigation/build/lib/cctv_navigation
copying cctv_navigation/navigation_controller_debug.py -> /home/mscrobotics2425laptop29/cctv_nav_ws/build/cctv_navigation/build/lib/cctv_navigation
running install
running install_lib
creating /home/mscrobotics2425laptop29/cctv_nav_ws/install/cctv_navigation/lib/python3.10/site-packages/cctv_navigation
copying /home/mscrobotics2425laptop29/cctv_nav_ws/build/cctv_navigation/build/lib/cctv_navigation/__init__.py -> /home/mscrobotics2425laptop29/cctv_nav_ws/install/cctv_navigation/lib/python3.10/site-packages/cctv_navigation
copying /home/mscrobotics2425laptop29/cctv_nav_ws/build/cctv_navigation/build/lib/cctv_navigation/navigation_controller.py -> /home/mscrobotics2425laptop29/cctv_nav_ws/install/cctv_navigation/lib/python3.10/site-packages/cctv_navigation
copying /home/mscrobotics2425laptop29/cctv_nav_ws/build/cctv_navigation/build/lib/cctv_navigation/navigation_controller_debug.py -> /home/mscrobotics2425laptop29/cctv_nav_ws/install/cctv_navigation/lib/python3.10/site-packages/cctv_navigation
byte-compiling /home/mscrobotics2425laptop29/cctv_nav_ws/install/cctv_navigation/lib/python3.10/site-packages/cctv_navigation/__init__.py to __init__.cpython-310.pyc
byte-compiling /home/mscrobotics2425laptop29/cctv_nav_ws/install/cctv_navigation/lib/python3.10/site-packages/cctv_navigation/navigation_controller.py to navigation_controller.cpython-310.pyc
byte-compiling /home/mscrobotics2425laptop29/cctv_nav_ws/install/cctv_navigation/lib/python3.10/site-packages/cctv_navigation/navigation_controller_debug.py to navigation_controller_debug.cpython-310.pyc
running install_data
creating /home/mscrobotics2425laptop29/cctv_nav_ws/install/cctv_navigation/share/ament_index
creating /home/mscrobotics2425laptop29/cctv_nav_ws/install/cctv_navigation/share/ament_index/resource_index
creating /home/mscrobotics2425laptop29/cctv_nav_ws/install/cctv_navigation/share/ament_index/resource_index/packages
copying resource/cctv_navigation -> /home/mscrobotics2425laptop29/cctv_nav_ws/install/cctv_navigation/share/ament_index/resource_index/packages
copying package.xml -> /home/mscrobotics2425laptop29/cctv_nav_ws/install/cctv_navigation/share/cctv_navigation
running install_egg_info
Copying ../../build/cctv_navigation/cctv_navigation.egg-info to /home/mscrobotics2425laptop29/cctv_nav_ws/install/cctv_navigation/lib/python3.10/site-packages/cctv_navigation-0.0.0-py3.10.egg-info
running install_scripts
Installing navigation_controller script to /home/mscrobotics2425laptop29/cctv_nav_ws/install/cctv_navigation/lib/cctv_navigation
Installing navigation_controller_debug script to /home/mscrobotics2425laptop29/cctv_nav_ws/install/cctv_navigation/lib/cctv_navigation
writing list of installed files to '/home/mscrobotics2425laptop29/cctv_nav_ws/build/cctv_navigation/install.log'
