[3.989s] Invoking command in '/home/mscrobotics2425laptop29/cctv_nav_ws/src/cctv_perception': PYTHONPATH=/home/mscrobotics2425laptop29/cctv_nav_ws/build/cctv_perception/prefix_override:/usr/lib/python3/dist-packages/colcon_core/task/python/colcon_distutils_commands:/home/mscrobotics2425laptop29/cctv_nav_ws/install/cctv_perception/lib/python3.10/site-packages:${PYTHONPATH} /usr/bin/python3 -W ignore:setup.py install is deprecated -W ignore:easy_install command is deprecated setup.py egg_info --egg-base ../../build/cctv_perception build --build-base /home/mscrobotics2425laptop29/cctv_nav_ws/build/cctv_perception/build install --record /home/mscrobotics2425laptop29/cctv_nav_ws/build/cctv_perception/install.log --single-version-externally-managed install_data
[4.695s] running egg_info
[4.698s] creating ../../build/cctv_perception/cctv_perception.egg-info
[4.700s] writing ../../build/cctv_perception/cctv_perception.egg-info/PKG-INFO
[4.703s] writing dependency_links to ../../build/cctv_perception/cctv_perception.egg-info/dependency_links.txt
[4.703s] writing entry points to ../../build/cctv_perception/cctv_perception.egg-info/entry_points.txt
[4.703s] writing requirements to ../../build/cctv_perception/cctv_perception.egg-info/requires.txt
[4.703s] writing top-level names to ../../build/cctv_perception/cctv_perception.egg-info/top_level.txt
[4.704s] writing manifest file '../../build/cctv_perception/cctv_perception.egg-info/SOURCES.txt'
[4.715s] reading manifest file '../../build/cctv_perception/cctv_perception.egg-info/SOURCES.txt'
[4.717s] writing manifest file '../../build/cctv_perception/cctv_perception.egg-info/SOURCES.txt'
[4.717s] running build
[4.717s] running build_py
[4.718s] creating /home/mscrobotics2425laptop29/cctv_nav_ws/build/cctv_perception/build
[4.718s] creating /home/mscrobotics2425laptop29/cctv_nav_ws/build/cctv_perception/build/lib
[4.718s] creating /home/mscrobotics2425laptop29/cctv_nav_ws/build/cctv_perception/build/lib/cctv_perception
[4.719s] copying cctv_perception/color_tracker.py -> /home/mscrobotics2425laptop29/cctv_nav_ws/build/cctv_perception/build/lib/cctv_perception
[4.719s] copying cctv_perception/__init__.py -> /home/mscrobotics2425laptop29/cctv_nav_ws/build/cctv_perception/build/lib/cctv_perception
[4.720s] running install
[4.722s] running install_lib
[4.725s] creating /home/mscrobotics2425laptop29/cctv_nav_ws/install/cctv_perception/lib/python3.10/site-packages/cctv_perception
[4.726s] copying /home/mscrobotics2425laptop29/cctv_nav_ws/build/cctv_perception/build/lib/cctv_perception/color_tracker.py -> /home/mscrobotics2425laptop29/cctv_nav_ws/install/cctv_perception/lib/python3.10/site-packages/cctv_perception
[4.726s] copying /home/mscrobotics2425laptop29/cctv_nav_ws/build/cctv_perception/build/lib/cctv_perception/__init__.py -> /home/mscrobotics2425laptop29/cctv_nav_ws/install/cctv_perception/lib/python3.10/site-packages/cctv_perception
[4.729s] byte-compiling /home/mscrobotics2425laptop29/cctv_nav_ws/install/cctv_perception/lib/python3.10/site-packages/cctv_perception/color_tracker.py to color_tracker.cpython-310.pyc
[4.739s] byte-compiling /home/mscrobotics2425laptop29/cctv_nav_ws/install/cctv_perception/lib/python3.10/site-packages/cctv_perception/__init__.py to __init__.cpython-310.pyc
[4.740s] running install_data
[4.746s] creating /home/mscrobotics2425laptop29/cctv_nav_ws/install/cctv_perception/share/ament_index
[4.746s] creating /home/mscrobotics2425laptop29/cctv_nav_ws/install/cctv_perception/share/ament_index/resource_index
[4.746s] creating /home/mscrobotics2425laptop29/cctv_nav_ws/install/cctv_perception/share/ament_index/resource_index/packages
[4.747s] copying resource/cctv_perception -> /home/mscrobotics2425laptop29/cctv_nav_ws/install/cctv_perception/share/ament_index/resource_index/packages
[4.747s] copying package.xml -> /home/mscrobotics2425laptop29/cctv_nav_ws/install/cctv_perception/share/cctv_perception
[4.747s] running install_egg_info
[4.760s] Copying ../../build/cctv_perception/cctv_perception.egg-info to /home/mscrobotics2425laptop29/cctv_nav_ws/install/cctv_perception/lib/python3.10/site-packages/cctv_perception-0.0.0-py3.10.egg-info
[4.764s] running install_scripts
[4.807s] Installing color_tracker script to /home/mscrobotics2425laptop29/cctv_nav_ws/install/cctv_perception/lib/cctv_perception
[4.808s] Installing tf_debug script to /home/mscrobotics2425laptop29/cctv_nav_ws/install/cctv_perception/lib/cctv_perception
[4.809s] writing list of installed files to '/home/mscrobotics2425laptop29/cctv_nav_ws/build/cctv_perception/install.log'
[4.952s] Invoked command in '/home/mscrobotics2425laptop29/cctv_nav_ws/src/cctv_perception' returned '0': PYTHONPATH=/home/mscrobotics2425laptop29/cctv_nav_ws/build/cctv_perception/prefix_override:/usr/lib/python3/dist-packages/colcon_core/task/python/colcon_distutils_commands:/home/mscrobotics2425laptop29/cctv_nav_ws/install/cctv_perception/lib/python3.10/site-packages:${PYTHONPATH} /usr/bin/python3 -W ignore:setup.py install is deprecated -W ignore:easy_install command is deprecated setup.py egg_info --egg-base ../../build/cctv_perception build --build-base /home/mscrobotics2425laptop29/cctv_nav_ws/build/cctv_perception/build install --record /home/mscrobotics2425laptop29/cctv_nav_ws/build/cctv_perception/install.log --single-version-externally-managed install_data
