-- Install configuration: ""
-- Up-to-date: /home/mscrobotics2425laptop29/cctv_nav_ws/install/cctv_gazebo/share/cctv_gazebo//launch
-- Up-to-date: /home/mscrobotics2425laptop29/cctv_nav_ws/install/cctv_gazebo/share/cctv_gazebo//launch/cctv_world.launch.py
-- Up-to-date: /home/mscrobotics2425laptop29/cctv_nav_ws/install/cctv_gazebo/share/cctv_gazebo//worlds
-- Up-to-date: /home/mscrobotics2425laptop29/cctv_nav_ws/install/cctv_gazebo/share/cctv_gazebo//worlds/cctv_world.world
-- Up-to-date: /home/mscrobotics2425laptop29/cctv_nav_ws/install/cctv_gazebo/share/ament_index/resource_index/package_run_dependencies/cctv_gazebo
-- Up-to-date: /home/mscrobotics2425laptop29/cctv_nav_ws/install/cctv_gazebo/share/ament_index/resource_index/parent_prefix_path/cctv_gazebo
-- Up-to-date: /home/mscrobotics2425laptop29/cctv_nav_ws/install/cctv_gazebo/share/cctv_gazebo/environment/ament_prefix_path.sh
-- Up-to-date: /home/mscrobotics2425laptop29/cctv_nav_ws/install/cctv_gazebo/share/cctv_gazebo/environment/ament_prefix_path.dsv
-- Up-to-date: /home/mscrobotics2425laptop29/cctv_nav_ws/install/cctv_gazebo/share/cctv_gazebo/environment/path.sh
-- Up-to-date: /home/mscrobotics2425laptop29/cctv_nav_ws/install/cctv_gazebo/share/cctv_gazebo/environment/path.dsv
-- Up-to-date: /home/mscrobotics2425laptop29/cctv_nav_ws/install/cctv_gazebo/share/cctv_gazebo/local_setup.bash
-- Up-to-date: /home/mscrobotics2425laptop29/cctv_nav_ws/install/cctv_gazebo/share/cctv_gazebo/local_setup.sh
-- Up-to-date: /home/mscrobotics2425laptop29/cctv_nav_ws/install/cctv_gazebo/share/cctv_gazebo/local_setup.zsh
-- Up-to-date: /home/mscrobotics2425laptop29/cctv_nav_ws/install/cctv_gazebo/share/cctv_gazebo/local_setup.dsv
-- Installing: /home/mscrobotics2425laptop29/cctv_nav_ws/install/cctv_gazebo/share/cctv_gazebo/package.dsv
-- Up-to-date: /home/mscrobotics2425laptop29/cctv_nav_ws/install/cctv_gazebo/share/ament_index/resource_index/packages/cctv_gazebo
-- Up-to-date: /home/mscrobotics2425laptop29/cctv_nav_ws/install/cctv_gazebo/share/cctv_gazebo/cmake/cctv_gazeboConfig.cmake
-- Up-to-date: /home/mscrobotics2425laptop29/cctv_nav_ws/install/cctv_gazebo/share/cctv_gazebo/cmake/cctv_gazeboConfig-version.cmake
-- Up-to-date: /home/mscrobotics2425laptop29/cctv_nav_ws/install/cctv_gazebo/share/cctv_gazebo/package.xml
