[0.184s] [34mcolcon[0m [1;30mDEBUG[0m [32mCommand line arguments: ['/usr/bin/colcon', 'build'][0m
[0.184s] [34mcolcon[0m [1;30mDEBUG[0m [32mParsed command line arguments: Namespace(log_base=None, log_level=None, verb_name='build', build_base='build', install_base='install', merge_install=False, symlink_install=False, test_result_base=None, continue_on_error=False, executor='parallel', parallel_workers=12, event_handlers=None, ignore_user_meta=False, metas=['./colcon.meta'], base_paths=['.'], packages_ignore=None, packages_ignore_regex=None, paths=None, packages_up_to=None, packages_up_to_regex=None, packages_above=None, packages_above_and_dependencies=None, packages_above_depth=None, packages_select_by_dep=None, packages_skip_by_dep=None, packages_skip_up_to=None, packages_select_build_failed=False, packages_skip_build_finished=False, packages_select_test_failures=False, packages_skip_test_passed=False, packages_select=None, packages_skip=None, packages_select_regex=None, packages_skip_regex=None, packages_start=None, packages_end=None, allow_overriding=[], cmake_args=None, cmake_target=None, cmake_target_skip_unavailable=False, cmake_clean_cache=False, cmake_clean_first=False, cmake_force_configure=False, ament_cmake_args=None, catkin_cmake_args=None, catkin_skip_building_tests=False, mixin_files=None, mixin=None, verb_parser=<colcon_mixin.mixin.mixin_argument.MixinArgumentDecorator object at 0x767a92e3b1f0>, verb_extension=<colcon_core.verb.build.BuildVerb object at 0x767a92e3ad40>, main=<bound method BuildVerb.main of <colcon_core.verb.build.BuildVerb object at 0x767a92e3ad40>>, mixin_verb=('build',))[0m
[0.468s] [34mcolcon.colcon_core.package_discovery[0m [1;30mLevel 1[0m discover_packages(colcon_meta) check parameters
[0.468s] [34mcolcon.colcon_core.package_discovery[0m [1;30mLevel 1[0m discover_packages(recursive) check parameters
[0.472s] [34mcolcon.colcon_core.package_discovery[0m [1;30mLevel 1[0m discover_packages(ignore) check parameters
[0.472s] [34mcolcon.colcon_core.package_discovery[0m [1;30mLevel 1[0m discover_packages(path) check parameters
[0.472s] [34mcolcon.colcon_core.package_discovery[0m [1;30mLevel 1[0m discover_packages(colcon_meta) discover
[0.472s] [34mcolcon.colcon_core.package_discovery[0m [1;30mLevel 1[0m discover_packages(recursive) discover
[0.472s] [34mcolcon.colcon_core.package_discovery[0m [1;30mINFO[0m Crawling recursively for packages in '/home/mscrobotics2425laptop29/cctv_nav_ws'
[0.473s] [34mcolcon.colcon_core.package_identification[0m [1;30mLevel 1[0m _identify(.) by extensions ['ignore', 'ignore_ament_install']
[0.473s] [34mcolcon.colcon_core.package_identification[0m [1;30mLevel 1[0m _identify(.) by extension 'ignore'
[0.473s] [34mcolcon.colcon_core.package_identification[0m [1;30mLevel 1[0m _identify(.) by extension 'ignore_ament_install'
[0.473s] [34mcolcon.colcon_core.package_identification[0m [1;30mLevel 1[0m _identify(.) by extensions ['colcon_pkg']
[0.473s] [34mcolcon.colcon_core.package_identification[0m [1;30mLevel 1[0m _identify(.) by extension 'colcon_pkg'
[0.473s] [34mcolcon.colcon_core.package_identification[0m [1;30mLevel 1[0m _identify(.) by extensions ['colcon_meta']
[0.473s] [34mcolcon.colcon_core.package_identification[0m [1;30mLevel 1[0m _identify(.) by extension 'colcon_meta'
[0.473s] [34mcolcon.colcon_core.package_identification[0m [1;30mLevel 1[0m _identify(.) by extensions ['ros']
[0.473s] [34mcolcon.colcon_core.package_identification[0m [1;30mLevel 1[0m _identify(.) by extension 'ros'
[0.493s] [34mcolcon.colcon_core.package_identification[0m [1;30mLevel 1[0m _identify(.) by extensions ['cmake', 'python']
[0.494s] [34mcolcon.colcon_core.package_identification[0m [1;30mLevel 1[0m _identify(.) by extension 'cmake'
[0.494s] [34mcolcon.colcon_core.package_identification[0m [1;30mLevel 1[0m _identify(.) by extension 'python'
[0.494s] [34mcolcon.colcon_core.package_identification[0m [1;30mLevel 1[0m _identify(.) by extensions ['python_setup_py']
[0.494s] [34mcolcon.colcon_core.package_identification[0m [1;30mLevel 1[0m _identify(.) by extension 'python_setup_py'
[0.494s] [34mcolcon.colcon_core.package_identification[0m [1;30mLevel 1[0m _identify(build) by extensions ['ignore', 'ignore_ament_install']
[0.494s] [34mcolcon.colcon_core.package_identification[0m [1;30mLevel 1[0m _identify(build) by extension 'ignore'
[0.495s] [34mcolcon.colcon_core.package_identification[0m [1;30mLevel 1[0m _identify(build) ignored
[0.495s] [34mcolcon.colcon_core.package_identification[0m [1;30mLevel 1[0m _identify(install) by extensions ['ignore', 'ignore_ament_install']
[0.495s] [34mcolcon.colcon_core.package_identification[0m [1;30mLevel 1[0m _identify(install) by extension 'ignore'
[0.495s] [34mcolcon.colcon_core.package_identification[0m [1;30mLevel 1[0m _identify(install) ignored
[0.495s] [34mcolcon.colcon_core.package_identification[0m [1;30mLevel 1[0m _identify(log) by extensions ['ignore', 'ignore_ament_install']
[0.495s] [34mcolcon.colcon_core.package_identification[0m [1;30mLevel 1[0m _identify(log) by extension 'ignore'
[0.495s] [34mcolcon.colcon_core.package_identification[0m [1;30mLevel 1[0m _identify(log) ignored
[0.495s] [34mcolcon.colcon_core.package_identification[0m [1;30mLevel 1[0m _identify(src) by extensions ['ignore', 'ignore_ament_install']
[0.496s] [34mcolcon.colcon_core.package_identification[0m [1;30mLevel 1[0m _identify(src) by extension 'ignore'
[0.496s] [34mcolcon.colcon_core.package_identification[0m [1;30mLevel 1[0m _identify(src) by extension 'ignore_ament_install'
[0.496s] [34mcolcon.colcon_core.package_identification[0m [1;30mLevel 1[0m _identify(src) by extensions ['colcon_pkg']
[0.496s] [34mcolcon.colcon_core.package_identification[0m [1;30mLevel 1[0m _identify(src) by extension 'colcon_pkg'
[0.496s] [34mcolcon.colcon_core.package_identification[0m [1;30mLevel 1[0m _identify(src) by extensions ['colcon_meta']
[0.496s] [34mcolcon.colcon_core.package_identification[0m [1;30mLevel 1[0m _identify(src) by extension 'colcon_meta'
[0.496s] [34mcolcon.colcon_core.package_identification[0m [1;30mLevel 1[0m _identify(src) by extensions ['ros']
[0.496s] [34mcolcon.colcon_core.package_identification[0m [1;30mLevel 1[0m _identify(src) by extension 'ros'
[0.496s] [34mcolcon.colcon_core.package_identification[0m [1;30mLevel 1[0m _identify(src) by extensions ['cmake', 'python']
[0.496s] [34mcolcon.colcon_core.package_identification[0m [1;30mLevel 1[0m _identify(src) by extension 'cmake'
[0.496s] [34mcolcon.colcon_core.package_identification[0m [1;30mLevel 1[0m _identify(src) by extension 'python'
[0.496s] [34mcolcon.colcon_core.package_identification[0m [1;30mLevel 1[0m _identify(src) by extensions ['python_setup_py']
[0.497s] [34mcolcon.colcon_core.package_identification[0m [1;30mLevel 1[0m _identify(src) by extension 'python_setup_py'
[0.497s] [34mcolcon.colcon_core.package_identification[0m [1;30mLevel 1[0m _identify(src/cctv_gazebo) by extensions ['ignore', 'ignore_ament_install']
[0.497s] [34mcolcon.colcon_core.package_identification[0m [1;30mLevel 1[0m _identify(src/cctv_gazebo) by extension 'ignore'
[0.497s] [34mcolcon.colcon_core.package_identification[0m [1;30mLevel 1[0m _identify(src/cctv_gazebo) by extension 'ignore_ament_install'
[0.497s] [34mcolcon.colcon_core.package_identification[0m [1;30mLevel 1[0m _identify(src/cctv_gazebo) by extensions ['colcon_pkg']
[0.497s] [34mcolcon.colcon_core.package_identification[0m [1;30mLevel 1[0m _identify(src/cctv_gazebo) by extension 'colcon_pkg'
[0.497s] [34mcolcon.colcon_core.package_identification[0m [1;30mLevel 1[0m _identify(src/cctv_gazebo) by extensions ['colcon_meta']
[0.497s] [34mcolcon.colcon_core.package_identification[0m [1;30mLevel 1[0m _identify(src/cctv_gazebo) by extension 'colcon_meta'
[0.497s] [34mcolcon.colcon_core.package_identification[0m [1;30mLevel 1[0m _identify(src/cctv_gazebo) by extensions ['ros']
[0.497s] [34mcolcon.colcon_core.package_identification[0m [1;30mLevel 1[0m _identify(src/cctv_gazebo) by extension 'ros'
[0.505s] [34mcolcon.colcon_core.package_identification[0m [1;30mDEBUG[0m [32mPackage 'src/cctv_gazebo' with type 'ros.ament_cmake' and name 'cctv_gazebo'[0m
[0.506s] [34mcolcon.colcon_core.package_identification[0m [1;30mLevel 1[0m _identify(src/cctv_mapping) by extensions ['ignore', 'ignore_ament_install']
[0.506s] [34mcolcon.colcon_core.package_identification[0m [1;30mLevel 1[0m _identify(src/cctv_mapping) by extension 'ignore'
[0.506s] [34mcolcon.colcon_core.package_identification[0m [1;30mLevel 1[0m _identify(src/cctv_mapping) by extension 'ignore_ament_install'
[0.506s] [34mcolcon.colcon_core.package_identification[0m [1;30mLevel 1[0m _identify(src/cctv_mapping) by extensions ['colcon_pkg']
[0.506s] [34mcolcon.colcon_core.package_identification[0m [1;30mLevel 1[0m _identify(src/cctv_mapping) by extension 'colcon_pkg'
[0.506s] [34mcolcon.colcon_core.package_identification[0m [1;30mLevel 1[0m _identify(src/cctv_mapping) by extensions ['colcon_meta']
[0.506s] [34mcolcon.colcon_core.package_identification[0m [1;30mLevel 1[0m _identify(src/cctv_mapping) by extension 'colcon_meta'
[0.506s] [34mcolcon.colcon_core.package_identification[0m [1;30mLevel 1[0m _identify(src/cctv_mapping) by extensions ['ros']
[0.506s] [34mcolcon.colcon_core.package_identification[0m [1;30mLevel 1[0m _identify(src/cctv_mapping) by extension 'ros'
[0.509s] [34mcolcon.colcon_core.package_identification[0m [1;30mDEBUG[0m [32mPackage 'src/cctv_mapping' with type 'ros.ament_python' and name 'cctv_mapping'[0m
[0.509s] [34mcolcon.colcon_core.package_identification[0m [1;30mLevel 1[0m _identify(src/cctv_navigation) by extensions ['ignore', 'ignore_ament_install']
[0.509s] [34mcolcon.colcon_core.package_identification[0m [1;30mLevel 1[0m _identify(src/cctv_navigation) by extension 'ignore'
[0.509s] [34mcolcon.colcon_core.package_identification[0m [1;30mLevel 1[0m _identify(src/cctv_navigation) by extension 'ignore_ament_install'
[0.509s] [34mcolcon.colcon_core.package_identification[0m [1;30mLevel 1[0m _identify(src/cctv_navigation) by extensions ['colcon_pkg']
[0.509s] [34mcolcon.colcon_core.package_identification[0m [1;30mLevel 1[0m _identify(src/cctv_navigation) by extension 'colcon_pkg'
[0.509s] [34mcolcon.colcon_core.package_identification[0m [1;30mLevel 1[0m _identify(src/cctv_navigation) by extensions ['colcon_meta']
[0.510s] [34mcolcon.colcon_core.package_identification[0m [1;30mLevel 1[0m _identify(src/cctv_navigation) by extension 'colcon_meta'
[0.510s] [34mcolcon.colcon_core.package_identification[0m [1;30mLevel 1[0m _identify(src/cctv_navigation) by extensions ['ros']
[0.510s] [34mcolcon.colcon_core.package_identification[0m [1;30mLevel 1[0m _identify(src/cctv_navigation) by extension 'ros'
[0.511s] [34mcolcon.colcon_core.package_identification[0m [1;30mDEBUG[0m [32mPackage 'src/cctv_navigation' with type 'ros.ament_python' and name 'cctv_navigation'[0m
[0.511s] [34mcolcon.colcon_core.package_identification[0m [1;30mLevel 1[0m _identify(src/cctv_perception) by extensions ['ignore', 'ignore_ament_install']
[0.511s] [34mcolcon.colcon_core.package_identification[0m [1;30mLevel 1[0m _identify(src/cctv_perception) by extension 'ignore'
[0.512s] [34mcolcon.colcon_core.package_identification[0m [1;30mLevel 1[0m _identify(src/cctv_perception) by extension 'ignore_ament_install'
[0.512s] [34mcolcon.colcon_core.package_identification[0m [1;30mLevel 1[0m _identify(src/cctv_perception) by extensions ['colcon_pkg']
[0.512s] [34mcolcon.colcon_core.package_identification[0m [1;30mLevel 1[0m _identify(src/cctv_perception) by extension 'colcon_pkg'
[0.512s] [34mcolcon.colcon_core.package_identification[0m [1;30mLevel 1[0m _identify(src/cctv_perception) by extensions ['colcon_meta']
[0.512s] [34mcolcon.colcon_core.package_identification[0m [1;30mLevel 1[0m _identify(src/cctv_perception) by extension 'colcon_meta'
[0.512s] [34mcolcon.colcon_core.package_identification[0m [1;30mLevel 1[0m _identify(src/cctv_perception) by extensions ['ros']
[0.512s] [34mcolcon.colcon_core.package_identification[0m [1;30mLevel 1[0m _identify(src/cctv_perception) by extension 'ros'
[0.514s] [34mcolcon.colcon_core.package_identification[0m [1;30mDEBUG[0m [32mPackage 'src/cctv_perception' with type 'ros.ament_python' and name 'cctv_perception'[0m
[0.514s] [34mcolcon.colcon_core.package_discovery[0m [1;30mLevel 1[0m discover_packages(recursive) using defaults
[0.514s] [34mcolcon.colcon_core.package_discovery[0m [1;30mLevel 1[0m discover_packages(ignore) discover
[0.514s] [34mcolcon.colcon_core.package_discovery[0m [1;30mLevel 1[0m discover_packages(ignore) using defaults
[0.514s] [34mcolcon.colcon_core.package_discovery[0m [1;30mLevel 1[0m discover_packages(path) discover
[0.514s] [34mcolcon.colcon_core.package_discovery[0m [1;30mLevel 1[0m discover_packages(path) using defaults
[0.543s] [34mcolcon.colcon_core.package_discovery[0m [1;30mLevel 1[0m discover_packages(prefix_path) check parameters
[0.543s] [34mcolcon.colcon_core.package_discovery[0m [1;30mLevel 1[0m discover_packages(prefix_path) discover
[0.544s] [34mcolcon.colcon_installed_package_information.package_discovery[0m [1;30mDEBUG[0m [32mFound 4 installed packages in /home/mscrobotics2425laptop29/cctv_nav_ws/install[0m
[0.546s] [34mcolcon.colcon_installed_package_information.package_discovery[0m [1;30mDEBUG[0m [32mFound 476 installed packages in /opt/ros/humble[0m
[0.552s] [34mcolcon.colcon_core.package_discovery[0m [1;30mLevel 1[0m discover_packages(prefix_path) using defaults
[0.611s] [34mcolcon.colcon_core.verb[0m [1;30mLevel 5[0m set package 'cctv_gazebo' build argument 'cmake_args' from command line to 'None'
[0.611s] [34mcolcon.colcon_core.verb[0m [1;30mLevel 5[0m set package 'cctv_gazebo' build argument 'cmake_target' from command line to 'None'
[0.611s] [34mcolcon.colcon_core.verb[0m [1;30mLevel 5[0m set package 'cctv_gazebo' build argument 'cmake_target_skip_unavailable' from command line to 'False'
[0.611s] [34mcolcon.colcon_core.verb[0m [1;30mLevel 5[0m set package 'cctv_gazebo' build argument 'cmake_clean_cache' from command line to 'False'
[0.611s] [34mcolcon.colcon_core.verb[0m [1;30mLevel 5[0m set package 'cctv_gazebo' build argument 'cmake_clean_first' from command line to 'False'
[0.611s] [34mcolcon.colcon_core.verb[0m [1;30mLevel 5[0m set package 'cctv_gazebo' build argument 'cmake_force_configure' from command line to 'False'
[0.611s] [34mcolcon.colcon_core.verb[0m [1;30mLevel 5[0m set package 'cctv_gazebo' build argument 'ament_cmake_args' from command line to 'None'
[0.611s] [34mcolcon.colcon_core.verb[0m [1;30mLevel 5[0m set package 'cctv_gazebo' build argument 'catkin_cmake_args' from command line to 'None'
[0.611s] [34mcolcon.colcon_core.verb[0m [1;30mLevel 5[0m set package 'cctv_gazebo' build argument 'catkin_skip_building_tests' from command line to 'False'
[0.611s] [34mcolcon.colcon_core.verb[0m [1;30mDEBUG[0m [32mBuilding package 'cctv_gazebo' with the following arguments: {'ament_cmake_args': None, 'build_base': '/home/mscrobotics2425laptop29/cctv_nav_ws/build/cctv_gazebo', 'catkin_cmake_args': None, 'catkin_skip_building_tests': False, 'cmake_args': None, 'cmake_clean_cache': False, 'cmake_clean_first': False, 'cmake_force_configure': False, 'cmake_target': None, 'cmake_target_skip_unavailable': False, 'install_base': '/home/mscrobotics2425laptop29/cctv_nav_ws/install/cctv_gazebo', 'merge_install': False, 'path': '/home/mscrobotics2425laptop29/cctv_nav_ws/src/cctv_gazebo', 'symlink_install': False, 'test_result_base': None}[0m
[0.612s] [34mcolcon.colcon_core.verb[0m [1;30mLevel 5[0m set package 'cctv_mapping' build argument 'cmake_args' from command line to 'None'
[0.612s] [34mcolcon.colcon_core.verb[0m [1;30mLevel 5[0m set package 'cctv_mapping' build argument 'cmake_target' from command line to 'None'
[0.612s] [34mcolcon.colcon_core.verb[0m [1;30mLevel 5[0m set package 'cctv_mapping' build argument 'cmake_target_skip_unavailable' from command line to 'False'
[0.612s] [34mcolcon.colcon_core.verb[0m [1;30mLevel 5[0m set package 'cctv_mapping' build argument 'cmake_clean_cache' from command line to 'False'
[0.612s] [34mcolcon.colcon_core.verb[0m [1;30mLevel 5[0m set package 'cctv_mapping' build argument 'cmake_clean_first' from command line to 'False'
[0.612s] [34mcolcon.colcon_core.verb[0m [1;30mLevel 5[0m set package 'cctv_mapping' build argument 'cmake_force_configure' from command line to 'False'
[0.612s] [34mcolcon.colcon_core.verb[0m [1;30mLevel 5[0m set package 'cctv_mapping' build argument 'ament_cmake_args' from command line to 'None'
[0.612s] [34mcolcon.colcon_core.verb[0m [1;30mLevel 5[0m set package 'cctv_mapping' build argument 'catkin_cmake_args' from command line to 'None'
[0.612s] [34mcolcon.colcon_core.verb[0m [1;30mLevel 5[0m set package 'cctv_mapping' build argument 'catkin_skip_building_tests' from command line to 'False'
[0.612s] [34mcolcon.colcon_core.verb[0m [1;30mDEBUG[0m [32mBuilding package 'cctv_mapping' with the following arguments: {'ament_cmake_args': None, 'build_base': '/home/mscrobotics2425laptop29/cctv_nav_ws/build/cctv_mapping', 'catkin_cmake_args': None, 'catkin_skip_building_tests': False, 'cmake_args': None, 'cmake_clean_cache': False, 'cmake_clean_first': False, 'cmake_force_configure': False, 'cmake_target': None, 'cmake_target_skip_unavailable': False, 'install_base': '/home/mscrobotics2425laptop29/cctv_nav_ws/install/cctv_mapping', 'merge_install': False, 'path': '/home/mscrobotics2425laptop29/cctv_nav_ws/src/cctv_mapping', 'symlink_install': False, 'test_result_base': None}[0m
[0.612s] [34mcolcon.colcon_core.verb[0m [1;30mLevel 5[0m set package 'cctv_navigation' build argument 'cmake_args' from command line to 'None'
[0.612s] [34mcolcon.colcon_core.verb[0m [1;30mLevel 5[0m set package 'cctv_navigation' build argument 'cmake_target' from command line to 'None'
[0.612s] [34mcolcon.colcon_core.verb[0m [1;30mLevel 5[0m set package 'cctv_navigation' build argument 'cmake_target_skip_unavailable' from command line to 'False'
[0.612s] [34mcolcon.colcon_core.verb[0m [1;30mLevel 5[0m set package 'cctv_navigation' build argument 'cmake_clean_cache' from command line to 'False'
[0.612s] [34mcolcon.colcon_core.verb[0m [1;30mLevel 5[0m set package 'cctv_navigation' build argument 'cmake_clean_first' from command line to 'False'
[0.612s] [34mcolcon.colcon_core.verb[0m [1;30mLevel 5[0m set package 'cctv_navigation' build argument 'cmake_force_configure' from command line to 'False'
[0.612s] [34mcolcon.colcon_core.verb[0m [1;30mLevel 5[0m set package 'cctv_navigation' build argument 'ament_cmake_args' from command line to 'None'
[0.612s] [34mcolcon.colcon_core.verb[0m [1;30mLevel 5[0m set package 'cctv_navigation' build argument 'catkin_cmake_args' from command line to 'None'
[0.612s] [34mcolcon.colcon_core.verb[0m [1;30mLevel 5[0m set package 'cctv_navigation' build argument 'catkin_skip_building_tests' from command line to 'False'
[0.612s] [34mcolcon.colcon_core.verb[0m [1;30mDEBUG[0m [32mBuilding package 'cctv_navigation' with the following arguments: {'ament_cmake_args': None, 'build_base': '/home/mscrobotics2425laptop29/cctv_nav_ws/build/cctv_navigation', 'catkin_cmake_args': None, 'catkin_skip_building_tests': False, 'cmake_args': None, 'cmake_clean_cache': False, 'cmake_clean_first': False, 'cmake_force_configure': False, 'cmake_target': None, 'cmake_target_skip_unavailable': False, 'install_base': '/home/mscrobotics2425laptop29/cctv_nav_ws/install/cctv_navigation', 'merge_install': False, 'path': '/home/mscrobotics2425laptop29/cctv_nav_ws/src/cctv_navigation', 'symlink_install': False, 'test_result_base': None}[0m
[0.613s] [34mcolcon.colcon_core.verb[0m [1;30mLevel 5[0m set package 'cctv_perception' build argument 'cmake_args' from command line to 'None'
[0.613s] [34mcolcon.colcon_core.verb[0m [1;30mLevel 5[0m set package 'cctv_perception' build argument 'cmake_target' from command line to 'None'
[0.613s] [34mcolcon.colcon_core.verb[0m [1;30mLevel 5[0m set package 'cctv_perception' build argument 'cmake_target_skip_unavailable' from command line to 'False'
[0.613s] [34mcolcon.colcon_core.verb[0m [1;30mLevel 5[0m set package 'cctv_perception' build argument 'cmake_clean_cache' from command line to 'False'
[0.613s] [34mcolcon.colcon_core.verb[0m [1;30mLevel 5[0m set package 'cctv_perception' build argument 'cmake_clean_first' from command line to 'False'
[0.613s] [34mcolcon.colcon_core.verb[0m [1;30mLevel 5[0m set package 'cctv_perception' build argument 'cmake_force_configure' from command line to 'False'
[0.613s] [34mcolcon.colcon_core.verb[0m [1;30mLevel 5[0m set package 'cctv_perception' build argument 'ament_cmake_args' from command line to 'None'
[0.613s] [34mcolcon.colcon_core.verb[0m [1;30mLevel 5[0m set package 'cctv_perception' build argument 'catkin_cmake_args' from command line to 'None'
[0.613s] [34mcolcon.colcon_core.verb[0m [1;30mLevel 5[0m set package 'cctv_perception' build argument 'catkin_skip_building_tests' from command line to 'False'
[0.613s] [34mcolcon.colcon_core.verb[0m [1;30mDEBUG[0m [32mBuilding package 'cctv_perception' with the following arguments: {'ament_cmake_args': None, 'build_base': '/home/mscrobotics2425laptop29/cctv_nav_ws/build/cctv_perception', 'catkin_cmake_args': None, 'catkin_skip_building_tests': False, 'cmake_args': None, 'cmake_clean_cache': False, 'cmake_clean_first': False, 'cmake_force_configure': False, 'cmake_target': None, 'cmake_target_skip_unavailable': False, 'install_base': '/home/mscrobotics2425laptop29/cctv_nav_ws/install/cctv_perception', 'merge_install': False, 'path': '/home/mscrobotics2425laptop29/cctv_nav_ws/src/cctv_perception', 'symlink_install': False, 'test_result_base': None}[0m
[0.613s] [34mcolcon.colcon_core.executor[0m [1;30mINFO[0m Executing jobs using 'parallel' executor
[0.615s] [34mcolcon.colcon_parallel_executor.executor.parallel[0m [1;30mDEBUG[0m [32mrun_until_complete[0m
[0.616s] [34mcolcon.colcon_ros.task.ament_cmake.build[0m [1;30mINFO[0m Building ROS package in '/home/mscrobotics2425laptop29/cctv_nav_ws/src/cctv_gazebo' with build type 'ament_cmake'
[0.616s] [34mcolcon.colcon_cmake.task.cmake.build[0m [1;30mINFO[0m Building CMake package in '/home/mscrobotics2425laptop29/cctv_nav_ws/src/cctv_gazebo'
[0.619s] [34mcolcon.colcon_core.plugin_system[0m [1;30mINFO[0m Skipping extension 'colcon_core.shell.bat': Not used on non-Windows systems
[0.619s] [34mcolcon.colcon_core.shell[0m [1;30mINFO[0m Skip shell extension 'powershell' for command environment: Not usable outside of PowerShell
[0.619s] [34mcolcon.colcon_core.shell[0m [1;30mDEBUG[0m [32mSkip shell extension 'dsv' for command environment[0m
[0.624s] [34mcolcon.colcon_ros.task.ament_python.build[0m [1;30mINFO[0m Building ROS package in '/home/mscrobotics2425laptop29/cctv_nav_ws/src/cctv_mapping' with build type 'ament_python'
[0.624s] [34mcolcon.colcon_core.shell[0m [1;30mLevel 1[0m create_environment_hook('cctv_mapping', 'ament_prefix_path')
[0.624s] [34mcolcon.colcon_core.shell[0m [1;30mINFO[0m Creating environment hook '/home/mscrobotics2425laptop29/cctv_nav_ws/install/cctv_mapping/share/cctv_mapping/hook/ament_prefix_path.ps1'
[0.626s] [34mcolcon.colcon_core.shell[0m [1;30mINFO[0m Creating environment descriptor '/home/mscrobotics2425laptop29/cctv_nav_ws/install/cctv_mapping/share/cctv_mapping/hook/ament_prefix_path.dsv'
[0.628s] [34mcolcon.colcon_core.shell[0m [1;30mINFO[0m Creating environment hook '/home/mscrobotics2425laptop29/cctv_nav_ws/install/cctv_mapping/share/cctv_mapping/hook/ament_prefix_path.sh'
[0.631s] [34mcolcon.colcon_core.shell[0m [1;30mINFO[0m Skip shell extension 'powershell' for command environment: Not usable outside of PowerShell
[0.632s] [34mcolcon.colcon_core.shell[0m [1;30mDEBUG[0m [32mSkip shell extension 'dsv' for command environment[0m
[0.644s] [34mcolcon.colcon_ros.task.ament_python.build[0m [1;30mINFO[0m Building ROS package in '/home/mscrobotics2425laptop29/cctv_nav_ws/src/cctv_navigation' with build type 'ament_python'
[0.644s] [34mcolcon.colcon_core.shell[0m [1;30mLevel 1[0m create_environment_hook('cctv_navigation', 'ament_prefix_path')
[0.645s] [34mcolcon.colcon_core.shell[0m [1;30mINFO[0m Creating environment hook '/home/mscrobotics2425laptop29/cctv_nav_ws/install/cctv_navigation/share/cctv_navigation/hook/ament_prefix_path.ps1'
[0.648s] [34mcolcon.colcon_core.shell[0m [1;30mINFO[0m Creating environment descriptor '/home/mscrobotics2425laptop29/cctv_nav_ws/install/cctv_navigation/share/cctv_navigation/hook/ament_prefix_path.dsv'
[0.649s] [34mcolcon.colcon_core.shell[0m [1;30mINFO[0m Creating environment hook '/home/mscrobotics2425laptop29/cctv_nav_ws/install/cctv_navigation/share/cctv_navigation/hook/ament_prefix_path.sh'
[0.651s] [34mcolcon.colcon_core.shell[0m [1;30mINFO[0m Skip shell extension 'powershell' for command environment: Not usable outside of PowerShell
[0.651s] [34mcolcon.colcon_core.shell[0m [1;30mDEBUG[0m [32mSkip shell extension 'dsv' for command environment[0m
[0.657s] [34mcolcon.colcon_ros.task.ament_python.build[0m [1;30mINFO[0m Building ROS package in '/home/mscrobotics2425laptop29/cctv_nav_ws/src/cctv_perception' with build type 'ament_python'
[0.658s] [34mcolcon.colcon_core.shell[0m [1;30mLevel 1[0m create_environment_hook('cctv_perception', 'ament_prefix_path')
[0.659s] [34mcolcon.colcon_core.shell[0m [1;30mINFO[0m Creating environment hook '/home/mscrobotics2425laptop29/cctv_nav_ws/install/cctv_perception/share/cctv_perception/hook/ament_prefix_path.ps1'
[0.661s] [34mcolcon.colcon_core.shell[0m [1;30mINFO[0m Creating environment descriptor '/home/mscrobotics2425laptop29/cctv_nav_ws/install/cctv_perception/share/cctv_perception/hook/ament_prefix_path.dsv'
[0.662s] [34mcolcon.colcon_core.shell[0m [1;30mINFO[0m Creating environment hook '/home/mscrobotics2425laptop29/cctv_nav_ws/install/cctv_perception/share/cctv_perception/hook/ament_prefix_path.sh'
[0.664s] [34mcolcon.colcon_core.shell[0m [1;30mINFO[0m Skip shell extension 'powershell' for command environment: Not usable outside of PowerShell
[0.664s] [34mcolcon.colcon_core.shell[0m [1;30mDEBUG[0m [32mSkip shell extension 'dsv' for command environment[0m
[0.709s] [34mcolcon.colcon_core.event_handler.log_command[0m [1;30mDEBUG[0m [32mInvoking command in '/home/mscrobotics2425laptop29/cctv_nav_ws/build/cctv_gazebo': CMAKE_PREFIX_PATH=${CMAKE_PREFIX_PATH}:/home/mscrobotics2425laptop29/cctv_nav_ws/install/cctv_perception:/home/mscrobotics2425laptop29/cctv_nav_ws/install/cctv_navigation:/home/mscrobotics2425laptop29/cctv_nav_ws/install/cctv_mapping:/opt/ros/humble /usr/bin/cmake --build /home/mscrobotics2425laptop29/cctv_nav_ws/build/cctv_gazebo -- -j12 -l12[0m
[1.199s] [34mcolcon.colcon_core.task.python.build[0m [1;30mINFO[0m Building Python package in '/home/mscrobotics2425laptop29/cctv_nav_ws/src/cctv_mapping'
[1.199s] [34mcolcon.colcon_core.shell[0m [1;30mINFO[0m Skip shell extension 'powershell' for command environment: Not usable outside of PowerShell
[1.199s] [34mcolcon.colcon_core.shell[0m [1;30mDEBUG[0m [32mSkip shell extension 'dsv' for command environment[0m
[1.813s] [34mcolcon.colcon_core.task.python.build[0m [1;30mINFO[0m Building Python package in '/home/mscrobotics2425laptop29/cctv_nav_ws/src/cctv_navigation'
[1.814s] [34mcolcon.colcon_core.shell[0m [1;30mINFO[0m Skip shell extension 'powershell' for command environment: Not usable outside of PowerShell
[1.814s] [34mcolcon.colcon_core.shell[0m [1;30mDEBUG[0m [32mSkip shell extension 'dsv' for command environment[0m
[2.333s] [34mcolcon.colcon_core.task.python.build[0m [1;30mINFO[0m Building Python package in '/home/mscrobotics2425laptop29/cctv_nav_ws/src/cctv_perception'
[2.333s] [34mcolcon.colcon_core.shell[0m [1;30mINFO[0m Skip shell extension 'powershell' for command environment: Not usable outside of PowerShell
[2.334s] [34mcolcon.colcon_core.shell[0m [1;30mDEBUG[0m [32mSkip shell extension 'dsv' for command environment[0m
[2.347s] [34mcolcon.colcon_core.event_handler.log_command[0m [1;30mDEBUG[0m [32mInvoked command in '/home/mscrobotics2425laptop29/cctv_nav_ws/build/cctv_gazebo' returned '0': CMAKE_PREFIX_PATH=${CMAKE_PREFIX_PATH}:/home/mscrobotics2425laptop29/cctv_nav_ws/install/cctv_perception:/home/mscrobotics2425laptop29/cctv_nav_ws/install/cctv_navigation:/home/mscrobotics2425laptop29/cctv_nav_ws/install/cctv_mapping:/opt/ros/humble /usr/bin/cmake --build /home/mscrobotics2425laptop29/cctv_nav_ws/build/cctv_gazebo -- -j12 -l12[0m
[2.367s] [34mcolcon.colcon_core.event_handler.log_command[0m [1;30mDEBUG[0m [32mInvoking command in '/home/mscrobotics2425laptop29/cctv_nav_ws/build/cctv_gazebo': CMAKE_PREFIX_PATH=${CMAKE_PREFIX_PATH}:/home/mscrobotics2425laptop29/cctv_nav_ws/install/cctv_perception:/home/mscrobotics2425laptop29/cctv_nav_ws/install/cctv_navigation:/home/mscrobotics2425laptop29/cctv_nav_ws/install/cctv_mapping:/opt/ros/humble /usr/bin/cmake --install /home/mscrobotics2425laptop29/cctv_nav_ws/build/cctv_gazebo[0m
[2.400s] [34mcolcon.colcon_core.environment[0m [1;30mLevel 1[0m create_environment_scripts_only(cctv_gazebo)
[2.402s] [34mcolcon.colcon_core.event_handler.log_command[0m [1;30mDEBUG[0m [32mInvoked command in '/home/mscrobotics2425laptop29/cctv_nav_ws/build/cctv_gazebo' returned '0': CMAKE_PREFIX_PATH=${CMAKE_PREFIX_PATH}:/home/mscrobotics2425laptop29/cctv_nav_ws/install/cctv_perception:/home/mscrobotics2425laptop29/cctv_nav_ws/install/cctv_navigation:/home/mscrobotics2425laptop29/cctv_nav_ws/install/cctv_mapping:/opt/ros/humble /usr/bin/cmake --install /home/mscrobotics2425laptop29/cctv_nav_ws/build/cctv_gazebo[0m
[2.410s] [34mcolcon.colcon_core.environment[0m [1;30mLevel 1[0m checking '/home/mscrobotics2425laptop29/cctv_nav_ws/install/cctv_gazebo' for CMake module files
[2.412s] [34mcolcon.colcon_core.environment[0m [1;30mLevel 1[0m checking '/home/mscrobotics2425laptop29/cctv_nav_ws/install/cctv_gazebo' for CMake config files
[2.412s] [34mcolcon.colcon_core.shell[0m [1;30mLevel 1[0m create_environment_hook('cctv_gazebo', 'cmake_prefix_path')
[2.413s] [34mcolcon.colcon_core.shell[0m [1;30mINFO[0m Creating environment hook '/home/mscrobotics2425laptop29/cctv_nav_ws/install/cctv_gazebo/share/cctv_gazebo/hook/cmake_prefix_path.ps1'
[2.415s] [34mcolcon.colcon_core.shell[0m [1;30mINFO[0m Creating environment descriptor '/home/mscrobotics2425laptop29/cctv_nav_ws/install/cctv_gazebo/share/cctv_gazebo/hook/cmake_prefix_path.dsv'
[2.416s] [34mcolcon.colcon_core.shell[0m [1;30mINFO[0m Creating environment hook '/home/mscrobotics2425laptop29/cctv_nav_ws/install/cctv_gazebo/share/cctv_gazebo/hook/cmake_prefix_path.sh'
[2.420s] [34mcolcon.colcon_core.environment[0m [1;30mLevel 1[0m checking '/home/mscrobotics2425laptop29/cctv_nav_ws/install/cctv_gazebo/bin'
[2.420s] [34mcolcon.colcon_core.environment[0m [1;30mLevel 1[0m checking '/home/mscrobotics2425laptop29/cctv_nav_ws/install/cctv_gazebo/lib/pkgconfig/cctv_gazebo.pc'
[2.421s] [34mcolcon.colcon_core.environment[0m [1;30mLevel 1[0m checking '/home/mscrobotics2425laptop29/cctv_nav_ws/install/cctv_gazebo/lib/python3.10/site-packages'
[2.422s] [34mcolcon.colcon_core.environment[0m [1;30mLevel 1[0m checking '/home/mscrobotics2425laptop29/cctv_nav_ws/install/cctv_gazebo/bin'
[2.423s] [34mcolcon.colcon_core.shell[0m [1;30mINFO[0m Creating package script '/home/mscrobotics2425laptop29/cctv_nav_ws/install/cctv_gazebo/share/cctv_gazebo/package.ps1'
[2.426s] [34mcolcon.colcon_core.shell[0m [1;30mINFO[0m Creating package descriptor '/home/mscrobotics2425laptop29/cctv_nav_ws/install/cctv_gazebo/share/cctv_gazebo/package.dsv'
[2.432s] [34mcolcon.colcon_core.shell[0m [1;30mINFO[0m Creating package script '/home/mscrobotics2425laptop29/cctv_nav_ws/install/cctv_gazebo/share/cctv_gazebo/package.sh'
[2.436s] [34mcolcon.colcon_core.shell[0m [1;30mINFO[0m Creating package script '/home/mscrobotics2425laptop29/cctv_nav_ws/install/cctv_gazebo/share/cctv_gazebo/package.bash'
[2.443s] [34mcolcon.colcon_core.shell[0m [1;30mINFO[0m Creating package script '/home/mscrobotics2425laptop29/cctv_nav_ws/install/cctv_gazebo/share/cctv_gazebo/package.zsh'
[2.446s] [34mcolcon.colcon_core.environment[0m [1;30mLevel 1[0m create_file_with_runtime_dependencies(/home/mscrobotics2425laptop29/cctv_nav_ws/install/cctv_gazebo/share/colcon-core/packages/cctv_gazebo)
[2.449s] [34mcolcon.colcon_core.environment[0m [1;30mLevel 1[0m create_environment_scripts_only(cctv_gazebo)
[2.450s] [34mcolcon.colcon_core.environment[0m [1;30mLevel 1[0m checking '/home/mscrobotics2425laptop29/cctv_nav_ws/install/cctv_gazebo' for CMake module files
[2.452s] [34mcolcon.colcon_core.environment[0m [1;30mLevel 1[0m checking '/home/mscrobotics2425laptop29/cctv_nav_ws/install/cctv_gazebo' for CMake config files
[2.452s] [34mcolcon.colcon_core.shell[0m [1;30mLevel 1[0m create_environment_hook('cctv_gazebo', 'cmake_prefix_path')
[2.453s] [34mcolcon.colcon_core.shell[0m [1;30mINFO[0m Creating environment hook '/home/mscrobotics2425laptop29/cctv_nav_ws/install/cctv_gazebo/share/cctv_gazebo/hook/cmake_prefix_path.ps1'
[2.454s] [34mcolcon.colcon_core.shell[0m [1;30mINFO[0m Creating environment descriptor '/home/mscrobotics2425laptop29/cctv_nav_ws/install/cctv_gazebo/share/cctv_gazebo/hook/cmake_prefix_path.dsv'
[2.456s] [34mcolcon.colcon_core.shell[0m [1;30mINFO[0m Creating environment hook '/home/mscrobotics2425laptop29/cctv_nav_ws/install/cctv_gazebo/share/cctv_gazebo/hook/cmake_prefix_path.sh'
[2.460s] [34mcolcon.colcon_core.environment[0m [1;30mLevel 1[0m checking '/home/mscrobotics2425laptop29/cctv_nav_ws/install/cctv_gazebo/bin'
[2.460s] [34mcolcon.colcon_core.environment[0m [1;30mLevel 1[0m checking '/home/mscrobotics2425laptop29/cctv_nav_ws/install/cctv_gazebo/lib/pkgconfig/cctv_gazebo.pc'
[2.461s] [34mcolcon.colcon_core.environment[0m [1;30mLevel 1[0m checking '/home/mscrobotics2425laptop29/cctv_nav_ws/install/cctv_gazebo/lib/python3.10/site-packages'
[2.462s] [34mcolcon.colcon_core.environment[0m [1;30mLevel 1[0m checking '/home/mscrobotics2425laptop29/cctv_nav_ws/install/cctv_gazebo/bin'
[2.463s] [34mcolcon.colcon_core.shell[0m [1;30mINFO[0m Creating package script '/home/mscrobotics2425laptop29/cctv_nav_ws/install/cctv_gazebo/share/cctv_gazebo/package.ps1'
[2.468s] [34mcolcon.colcon_core.shell[0m [1;30mINFO[0m Creating package descriptor '/home/mscrobotics2425laptop29/cctv_nav_ws/install/cctv_gazebo/share/cctv_gazebo/package.dsv'
[2.470s] [34mcolcon.colcon_core.shell[0m [1;30mINFO[0m Creating package script '/home/mscrobotics2425laptop29/cctv_nav_ws/install/cctv_gazebo/share/cctv_gazebo/package.sh'
[2.473s] [34mcolcon.colcon_core.shell[0m [1;30mINFO[0m Creating package script '/home/mscrobotics2425laptop29/cctv_nav_ws/install/cctv_gazebo/share/cctv_gazebo/package.bash'
[2.474s] [34mcolcon.colcon_core.shell[0m [1;30mINFO[0m Creating package script '/home/mscrobotics2425laptop29/cctv_nav_ws/install/cctv_gazebo/share/cctv_gazebo/package.zsh'
[2.477s] [34mcolcon.colcon_core.environment[0m [1;30mLevel 1[0m create_file_with_runtime_dependencies(/home/mscrobotics2425laptop29/cctv_nav_ws/install/cctv_gazebo/share/colcon-core/packages/cctv_gazebo)
[3.213s] [34mcolcon.colcon_core.event_handler.log_command[0m [1;30mDEBUG[0m [32mInvoking command in '/home/mscrobotics2425laptop29/cctv_nav_ws/src/cctv_perception': PYTHONPATH=/home/mscrobotics2425laptop29/cctv_nav_ws/build/cctv_perception/prefix_override:/usr/lib/python3/dist-packages/colcon_core/task/python/colcon_distutils_commands:/home/mscrobotics2425laptop29/cctv_nav_ws/install/cctv_perception/lib/python3.10/site-packages:${PYTHONPATH} /usr/bin/python3 -W ignore:setup.py install is deprecated -W ignore:easy_install command is deprecated setup.py egg_info --egg-base ../../build/cctv_perception build --build-base /home/mscrobotics2425laptop29/cctv_nav_ws/build/cctv_perception/build install --record /home/mscrobotics2425laptop29/cctv_nav_ws/build/cctv_perception/install.log --single-version-externally-managed install_data[0m
[3.278s] [34mcolcon.colcon_core.event_handler.log_command[0m [1;30mDEBUG[0m [32mInvoking command in '/home/mscrobotics2425laptop29/cctv_nav_ws/src/cctv_mapping': PYTHONPATH=/home/mscrobotics2425laptop29/cctv_nav_ws/build/cctv_mapping/prefix_override:/usr/lib/python3/dist-packages/colcon_core/task/python/colcon_distutils_commands:/home/mscrobotics2425laptop29/cctv_nav_ws/install/cctv_mapping/lib/python3.10/site-packages:${PYTHONPATH} /usr/bin/python3 -W ignore:setup.py install is deprecated -W ignore:easy_install command is deprecated setup.py egg_info --egg-base ../../build/cctv_mapping build --build-base /home/mscrobotics2425laptop29/cctv_nav_ws/build/cctv_mapping/build install --record /home/mscrobotics2425laptop29/cctv_nav_ws/build/cctv_mapping/install.log --single-version-externally-managed install_data[0m
[3.476s] [34mcolcon.colcon_core.event_handler.log_command[0m [1;30mDEBUG[0m [32mInvoking command in '/home/mscrobotics2425laptop29/cctv_nav_ws/src/cctv_navigation': PYTHONPATH=/home/mscrobotics2425laptop29/cctv_nav_ws/build/cctv_navigation/prefix_override:/usr/lib/python3/dist-packages/colcon_core/task/python/colcon_distutils_commands:/home/mscrobotics2425laptop29/cctv_nav_ws/install/cctv_navigation/lib/python3.10/site-packages:${PYTHONPATH} /usr/bin/python3 -W ignore:setup.py install is deprecated -W ignore:easy_install command is deprecated setup.py egg_info --egg-base ../../build/cctv_navigation build --build-base /home/mscrobotics2425laptop29/cctv_nav_ws/build/cctv_navigation/build install --record /home/mscrobotics2425laptop29/cctv_nav_ws/build/cctv_navigation/install.log --single-version-externally-managed install_data[0m
[4.194s] [34mcolcon.colcon_core.environment[0m [1;30mLevel 1[0m checking '/home/mscrobotics2425laptop29/cctv_nav_ws/install/cctv_navigation' for CMake module files
[4.195s] [34mcolcon.colcon_core.event_handler.log_command[0m [1;30mDEBUG[0m [32mInvoked command in '/home/mscrobotics2425laptop29/cctv_nav_ws/src/cctv_navigation' returned '0': PYTHONPATH=/home/mscrobotics2425laptop29/cctv_nav_ws/build/cctv_navigation/prefix_override:/usr/lib/python3/dist-packages/colcon_core/task/python/colcon_distutils_commands:/home/mscrobotics2425laptop29/cctv_nav_ws/install/cctv_navigation/lib/python3.10/site-packages:${PYTHONPATH} /usr/bin/python3 -W ignore:setup.py install is deprecated -W ignore:easy_install command is deprecated setup.py egg_info --egg-base ../../build/cctv_navigation build --build-base /home/mscrobotics2425laptop29/cctv_nav_ws/build/cctv_navigation/build install --record /home/mscrobotics2425laptop29/cctv_nav_ws/build/cctv_navigation/install.log --single-version-externally-managed install_data[0m
[4.196s] [34mcolcon.colcon_core.environment[0m [1;30mLevel 1[0m checking '/home/mscrobotics2425laptop29/cctv_nav_ws/install/cctv_navigation' for CMake config files
[4.197s] [34mcolcon.colcon_core.environment[0m [1;30mLevel 1[0m checking '/home/mscrobotics2425laptop29/cctv_nav_ws/install/cctv_navigation/lib'
[4.197s] [34mcolcon.colcon_core.environment[0m [1;30mLevel 1[0m checking '/home/mscrobotics2425laptop29/cctv_nav_ws/install/cctv_navigation/bin'
[4.197s] [34mcolcon.colcon_core.environment[0m [1;30mLevel 1[0m checking '/home/mscrobotics2425laptop29/cctv_nav_ws/install/cctv_navigation/lib/pkgconfig/cctv_navigation.pc'
[4.198s] [34mcolcon.colcon_core.environment[0m [1;30mLevel 1[0m checking '/home/mscrobotics2425laptop29/cctv_nav_ws/install/cctv_navigation/lib/python3.10/site-packages'
[4.198s] [34mcolcon.colcon_core.shell[0m [1;30mLevel 1[0m create_environment_hook('cctv_navigation', 'pythonpath')
[4.198s] [34mcolcon.colcon_core.shell[0m [1;30mINFO[0m Creating environment hook '/home/mscrobotics2425laptop29/cctv_nav_ws/install/cctv_navigation/share/cctv_navigation/hook/pythonpath.ps1'
[4.199s] [34mcolcon.colcon_core.shell[0m [1;30mINFO[0m Creating environment descriptor '/home/mscrobotics2425laptop29/cctv_nav_ws/install/cctv_navigation/share/cctv_navigation/hook/pythonpath.dsv'
[4.200s] [34mcolcon.colcon_core.shell[0m [1;30mINFO[0m Creating environment hook '/home/mscrobotics2425laptop29/cctv_nav_ws/install/cctv_navigation/share/cctv_navigation/hook/pythonpath.sh'
[4.203s] [34mcolcon.colcon_core.environment[0m [1;30mLevel 1[0m checking '/home/mscrobotics2425laptop29/cctv_nav_ws/install/cctv_navigation/bin'
[4.204s] [34mcolcon.colcon_core.environment[0m [1;30mLevel 1[0m create_environment_scripts_only(cctv_navigation)
[4.204s] [34mcolcon.colcon_core.shell[0m [1;30mINFO[0m Creating package script '/home/mscrobotics2425laptop29/cctv_nav_ws/install/cctv_navigation/share/cctv_navigation/package.ps1'
[4.206s] [34mcolcon.colcon_core.shell[0m [1;30mINFO[0m Creating package descriptor '/home/mscrobotics2425laptop29/cctv_nav_ws/install/cctv_navigation/share/cctv_navigation/package.dsv'
[4.208s] [34mcolcon.colcon_core.shell[0m [1;30mINFO[0m Creating package script '/home/mscrobotics2425laptop29/cctv_nav_ws/install/cctv_navigation/share/cctv_navigation/package.sh'
[4.210s] [34mcolcon.colcon_core.shell[0m [1;30mINFO[0m Creating package script '/home/mscrobotics2425laptop29/cctv_nav_ws/install/cctv_navigation/share/cctv_navigation/package.bash'
[4.213s] [34mcolcon.colcon_core.shell[0m [1;30mINFO[0m Creating package script '/home/mscrobotics2425laptop29/cctv_nav_ws/install/cctv_navigation/share/cctv_navigation/package.zsh'
[4.215s] [34mcolcon.colcon_core.environment[0m [1;30mLevel 1[0m create_file_with_runtime_dependencies(/home/mscrobotics2425laptop29/cctv_nav_ws/install/cctv_navigation/share/colcon-core/packages/cctv_navigation)
[4.258s] [34mcolcon.colcon_core.environment[0m [1;30mLevel 1[0m checking '/home/mscrobotics2425laptop29/cctv_nav_ws/install/cctv_perception' for CMake module files
[4.259s] [34mcolcon.colcon_core.event_handler.log_command[0m [1;30mDEBUG[0m [32mInvoked command in '/home/mscrobotics2425laptop29/cctv_nav_ws/src/cctv_perception' returned '0': PYTHONPATH=/home/mscrobotics2425laptop29/cctv_nav_ws/build/cctv_perception/prefix_override:/usr/lib/python3/dist-packages/colcon_core/task/python/colcon_distutils_commands:/home/mscrobotics2425laptop29/cctv_nav_ws/install/cctv_perception/lib/python3.10/site-packages:${PYTHONPATH} /usr/bin/python3 -W ignore:setup.py install is deprecated -W ignore:easy_install command is deprecated setup.py egg_info --egg-base ../../build/cctv_perception build --build-base /home/mscrobotics2425laptop29/cctv_nav_ws/build/cctv_perception/build install --record /home/mscrobotics2425laptop29/cctv_nav_ws/build/cctv_perception/install.log --single-version-externally-managed install_data[0m
[4.260s] [34mcolcon.colcon_core.environment[0m [1;30mLevel 1[0m checking '/home/mscrobotics2425laptop29/cctv_nav_ws/install/cctv_perception' for CMake config files
[4.262s] [34mcolcon.colcon_core.environment[0m [1;30mLevel 1[0m checking '/home/mscrobotics2425laptop29/cctv_nav_ws/install/cctv_perception/lib'
[4.262s] [34mcolcon.colcon_core.environment[0m [1;30mLevel 1[0m checking '/home/mscrobotics2425laptop29/cctv_nav_ws/install/cctv_perception/bin'
[4.262s] [34mcolcon.colcon_core.environment[0m [1;30mLevel 1[0m checking '/home/mscrobotics2425laptop29/cctv_nav_ws/install/cctv_perception/lib/pkgconfig/cctv_perception.pc'
[4.263s] [34mcolcon.colcon_core.environment[0m [1;30mLevel 1[0m checking '/home/mscrobotics2425laptop29/cctv_nav_ws/install/cctv_perception/lib/python3.10/site-packages'
[4.263s] [34mcolcon.colcon_core.shell[0m [1;30mLevel 1[0m create_environment_hook('cctv_perception', 'pythonpath')
[4.264s] [34mcolcon.colcon_core.shell[0m [1;30mINFO[0m Creating environment hook '/home/mscrobotics2425laptop29/cctv_nav_ws/install/cctv_perception/share/cctv_perception/hook/pythonpath.ps1'
[4.266s] [34mcolcon.colcon_core.shell[0m [1;30mINFO[0m Creating environment descriptor '/home/mscrobotics2425laptop29/cctv_nav_ws/install/cctv_perception/share/cctv_perception/hook/pythonpath.dsv'
[4.268s] [34mcolcon.colcon_core.shell[0m [1;30mINFO[0m Creating environment hook '/home/mscrobotics2425laptop29/cctv_nav_ws/install/cctv_perception/share/cctv_perception/hook/pythonpath.sh'
[4.271s] [34mcolcon.colcon_core.environment[0m [1;30mLevel 1[0m checking '/home/mscrobotics2425laptop29/cctv_nav_ws/install/cctv_perception/bin'
[4.271s] [34mcolcon.colcon_core.environment[0m [1;30mLevel 1[0m create_environment_scripts_only(cctv_perception)
[4.273s] [34mcolcon.colcon_core.shell[0m [1;30mINFO[0m Creating package script '/home/mscrobotics2425laptop29/cctv_nav_ws/install/cctv_perception/share/cctv_perception/package.ps1'
[4.276s] [34mcolcon.colcon_core.shell[0m [1;30mINFO[0m Creating package descriptor '/home/mscrobotics2425laptop29/cctv_nav_ws/install/cctv_perception/share/cctv_perception/package.dsv'
[4.277s] [34mcolcon.colcon_core.shell[0m [1;30mINFO[0m Creating package script '/home/mscrobotics2425laptop29/cctv_nav_ws/install/cctv_perception/share/cctv_perception/package.sh'
[4.278s] [34mcolcon.colcon_core.shell[0m [1;30mINFO[0m Creating package script '/home/mscrobotics2425laptop29/cctv_nav_ws/install/cctv_perception/share/cctv_perception/package.bash'
[4.279s] [34mcolcon.colcon_core.shell[0m [1;30mINFO[0m Creating package script '/home/mscrobotics2425laptop29/cctv_nav_ws/install/cctv_perception/share/cctv_perception/package.zsh'
[4.280s] [34mcolcon.colcon_core.environment[0m [1;30mLevel 1[0m create_file_with_runtime_dependencies(/home/mscrobotics2425laptop29/cctv_nav_ws/install/cctv_perception/share/colcon-core/packages/cctv_perception)
[4.282s] [34mcolcon.colcon_core.environment[0m [1;30mLevel 1[0m checking '/home/mscrobotics2425laptop29/cctv_nav_ws/install/cctv_mapping' for CMake module files
[4.284s] [34mcolcon.colcon_core.event_handler.log_command[0m [1;30mDEBUG[0m [32mInvoked command in '/home/mscrobotics2425laptop29/cctv_nav_ws/src/cctv_mapping' returned '0': PYTHONPATH=/home/mscrobotics2425laptop29/cctv_nav_ws/build/cctv_mapping/prefix_override:/usr/lib/python3/dist-packages/colcon_core/task/python/colcon_distutils_commands:/home/mscrobotics2425laptop29/cctv_nav_ws/install/cctv_mapping/lib/python3.10/site-packages:${PYTHONPATH} /usr/bin/python3 -W ignore:setup.py install is deprecated -W ignore:easy_install command is deprecated setup.py egg_info --egg-base ../../build/cctv_mapping build --build-base /home/mscrobotics2425laptop29/cctv_nav_ws/build/cctv_mapping/build install --record /home/mscrobotics2425laptop29/cctv_nav_ws/build/cctv_mapping/install.log --single-version-externally-managed install_data[0m
[4.285s] [34mcolcon.colcon_core.environment[0m [1;30mLevel 1[0m checking '/home/mscrobotics2425laptop29/cctv_nav_ws/install/cctv_mapping' for CMake config files
[4.288s] [34mcolcon.colcon_core.environment[0m [1;30mLevel 1[0m checking '/home/mscrobotics2425laptop29/cctv_nav_ws/install/cctv_mapping/lib'
[4.289s] [34mcolcon.colcon_core.environment[0m [1;30mLevel 1[0m checking '/home/mscrobotics2425laptop29/cctv_nav_ws/install/cctv_mapping/bin'
[4.289s] [34mcolcon.colcon_core.environment[0m [1;30mLevel 1[0m checking '/home/mscrobotics2425laptop29/cctv_nav_ws/install/cctv_mapping/lib/pkgconfig/cctv_mapping.pc'
[4.290s] [34mcolcon.colcon_core.environment[0m [1;30mLevel 1[0m checking '/home/mscrobotics2425laptop29/cctv_nav_ws/install/cctv_mapping/lib/python3.10/site-packages'
[4.290s] [34mcolcon.colcon_core.shell[0m [1;30mLevel 1[0m create_environment_hook('cctv_mapping', 'pythonpath')
[4.291s] [34mcolcon.colcon_core.shell[0m [1;30mINFO[0m Creating environment hook '/home/mscrobotics2425laptop29/cctv_nav_ws/install/cctv_mapping/share/cctv_mapping/hook/pythonpath.ps1'
[4.293s] [34mcolcon.colcon_core.shell[0m [1;30mINFO[0m Creating environment descriptor '/home/mscrobotics2425laptop29/cctv_nav_ws/install/cctv_mapping/share/cctv_mapping/hook/pythonpath.dsv'
[4.294s] [34mcolcon.colcon_core.shell[0m [1;30mINFO[0m Creating environment hook '/home/mscrobotics2425laptop29/cctv_nav_ws/install/cctv_mapping/share/cctv_mapping/hook/pythonpath.sh'
[4.295s] [34mcolcon.colcon_core.environment[0m [1;30mLevel 1[0m checking '/home/mscrobotics2425laptop29/cctv_nav_ws/install/cctv_mapping/bin'
[4.295s] [34mcolcon.colcon_core.environment[0m [1;30mLevel 1[0m create_environment_scripts_only(cctv_mapping)
[4.296s] [34mcolcon.colcon_core.shell[0m [1;30mINFO[0m Creating package script '/home/mscrobotics2425laptop29/cctv_nav_ws/install/cctv_mapping/share/cctv_mapping/package.ps1'
[4.297s] [34mcolcon.colcon_core.shell[0m [1;30mINFO[0m Creating package descriptor '/home/mscrobotics2425laptop29/cctv_nav_ws/install/cctv_mapping/share/cctv_mapping/package.dsv'
[4.297s] [34mcolcon.colcon_core.shell[0m [1;30mINFO[0m Creating package script '/home/mscrobotics2425laptop29/cctv_nav_ws/install/cctv_mapping/share/cctv_mapping/package.sh'
[4.298s] [34mcolcon.colcon_core.shell[0m [1;30mINFO[0m Creating package script '/home/mscrobotics2425laptop29/cctv_nav_ws/install/cctv_mapping/share/cctv_mapping/package.bash'
[4.299s] [34mcolcon.colcon_core.shell[0m [1;30mINFO[0m Creating package script '/home/mscrobotics2425laptop29/cctv_nav_ws/install/cctv_mapping/share/cctv_mapping/package.zsh'
[4.299s] [34mcolcon.colcon_core.environment[0m [1;30mLevel 1[0m create_file_with_runtime_dependencies(/home/mscrobotics2425laptop29/cctv_nav_ws/install/cctv_mapping/share/colcon-core/packages/cctv_mapping)
[4.299s] [34mcolcon.colcon_parallel_executor.executor.parallel[0m [1;30mDEBUG[0m [32mclosing loop[0m
[4.300s] [34mcolcon.colcon_parallel_executor.executor.parallel[0m [1;30mDEBUG[0m [32mloop closed[0m
[4.300s] [34mcolcon.colcon_parallel_executor.executor.parallel[0m [1;30mDEBUG[0m [32mrun_until_complete finished with '0'[0m
[4.300s] [34mcolcon.colcon_core.event_reactor[0m [1;30mDEBUG[0m [32mjoining thread[0m
[4.318s] [34mcolcon.colcon_core.plugin_system[0m [1;30mINFO[0m Skipping extension 'colcon_notification.desktop_notification.terminal_notifier': Not used on non-Darwin systems
[4.318s] [34mcolcon.colcon_core.plugin_system[0m [1;30mINFO[0m Skipping extension 'colcon_notification.desktop_notification.win32': Not used on non-Windows systems
[4.319s] [34mcolcon.colcon_notification.desktop_notification[0m [1;30mINFO[0m Sending desktop notification using 'notify2'
[4.348s] [34mcolcon.colcon_core.event_reactor[0m [1;30mDEBUG[0m [32mjoined thread[0m
[4.349s] [34mcolcon.colcon_core.shell[0m [1;30mINFO[0m Creating prefix script '/home/mscrobotics2425laptop29/cctv_nav_ws/install/local_setup.ps1'
[4.351s] [34mcolcon.colcon_core.shell[0m [1;30mINFO[0m Creating prefix util module '/home/mscrobotics2425laptop29/cctv_nav_ws/install/_local_setup_util_ps1.py'
[4.353s] [34mcolcon.colcon_core.shell[0m [1;30mINFO[0m Creating prefix chain script '/home/mscrobotics2425laptop29/cctv_nav_ws/install/setup.ps1'
[4.356s] [34mcolcon.colcon_core.shell[0m [1;30mINFO[0m Creating prefix script '/home/mscrobotics2425laptop29/cctv_nav_ws/install/local_setup.sh'
[4.357s] [34mcolcon.colcon_core.shell[0m [1;30mINFO[0m Creating prefix util module '/home/mscrobotics2425laptop29/cctv_nav_ws/install/_local_setup_util_sh.py'
[4.358s] [34mcolcon.colcon_core.shell[0m [1;30mINFO[0m Creating prefix chain script '/home/mscrobotics2425laptop29/cctv_nav_ws/install/setup.sh'
[4.360s] [34mcolcon.colcon_core.shell[0m [1;30mINFO[0m Creating prefix script '/home/mscrobotics2425laptop29/cctv_nav_ws/install/local_setup.bash'
[4.361s] [34mcolcon.colcon_core.shell[0m [1;30mINFO[0m Creating prefix chain script '/home/mscrobotics2425laptop29/cctv_nav_ws/install/setup.bash'
[4.362s] [34mcolcon.colcon_core.shell[0m [1;30mINFO[0m Creating prefix script '/home/mscrobotics2425laptop29/cctv_nav_ws/install/local_setup.zsh'
[4.363s] [34mcolcon.colcon_core.shell[0m [1;30mINFO[0m Creating prefix chain script '/home/mscrobotics2425laptop29/cctv_nav_ws/install/setup.zsh'
