[0.094s] Invoking command in '/home/mscrobotics2425laptop29/cctv_nav_ws/build/cctv_gazebo': CMAKE_PREFIX_PATH=${CMAKE_PREFIX_PATH}:/home/mscrobotics2425laptop29/cctv_nav_ws/install/cctv_perception:/home/mscrobotics2425laptop29/cctv_nav_ws/install/cctv_navigation:/home/mscrobotics2425laptop29/cctv_nav_ws/install/cctv_mapping:/opt/ros/humble /usr/bin/cmake --build /home/mscrobotics2425laptop29/cctv_nav_ws/build/cctv_gazebo -- -j12 -l12
[2.364s] Invoked command in '/home/mscrobotics2425laptop29/cctv_nav_ws/build/cctv_gazebo' returned '0': CMAKE_PREFIX_PATH=${CMAKE_PREFIX_PATH}:/home/mscrobotics2425laptop29/cctv_nav_ws/install/cctv_perception:/home/mscrobotics2425laptop29/cctv_nav_ws/install/cctv_navigation:/home/mscrobotics2425laptop29/cctv_nav_ws/install/cctv_mapping:/opt/ros/humble /usr/bin/cmake --build /home/mscrobotics2425laptop29/cctv_nav_ws/build/cctv_gazebo -- -j12 -l12
[2.393s] Invoking command in '/home/mscrobotics2425laptop29/cctv_nav_ws/build/cctv_gazebo': CMAKE_PREFIX_PATH=${CMAKE_PREFIX_PATH}:/home/mscrobotics2425laptop29/cctv_nav_ws/install/cctv_perception:/home/mscrobotics2425laptop29/cctv_nav_ws/install/cctv_navigation:/home/mscrobotics2425laptop29/cctv_nav_ws/install/cctv_mapping:/opt/ros/humble /usr/bin/cmake --install /home/mscrobotics2425laptop29/cctv_nav_ws/build/cctv_gazebo
[2.411s] -- Install configuration: ""
[2.412s] -- Up-to-date: /home/mscrobotics2425laptop29/cctv_nav_ws/install/cctv_gazebo/share/cctv_gazebo//launch
[2.412s] -- Up-to-date: /home/mscrobotics2425laptop29/cctv_nav_ws/install/cctv_gazebo/share/cctv_gazebo//launch/cctv_world.launch.py
[2.412s] -- Up-to-date: /home/mscrobotics2425laptop29/cctv_nav_ws/install/cctv_gazebo/share/cctv_gazebo//worlds
[2.412s] -- Up-to-date: /home/mscrobotics2425laptop29/cctv_nav_ws/install/cctv_gazebo/share/cctv_gazebo//worlds/cctv_world.world
[2.412s] -- Up-to-date: /home/mscrobotics2425laptop29/cctv_nav_ws/install/cctv_gazebo/share/ament_index/resource_index/package_run_dependencies/cctv_gazebo
[2.412s] -- Up-to-date: /home/mscrobotics2425laptop29/cctv_nav_ws/install/cctv_gazebo/share/ament_index/resource_index/parent_prefix_path/cctv_gazebo
[2.413s] -- Up-to-date: /home/mscrobotics2425laptop29/cctv_nav_ws/install/cctv_gazebo/share/cctv_gazebo/environment/ament_prefix_path.sh
[2.415s] -- Up-to-date: /home/mscrobotics2425laptop29/cctv_nav_ws/install/cctv_gazebo/share/cctv_gazebo/environment/ament_prefix_path.dsv
[2.416s] -- Up-to-date: /home/mscrobotics2425laptop29/cctv_nav_ws/install/cctv_gazebo/share/cctv_gazebo/environment/path.sh
[2.417s] -- Up-to-date: /home/mscrobotics2425laptop29/cctv_nav_ws/install/cctv_gazebo/share/cctv_gazebo/environment/path.dsv
[2.422s] -- Up-to-date: /home/mscrobotics2425laptop29/cctv_nav_ws/install/cctv_gazebo/share/cctv_gazebo/local_setup.bash
[2.422s] -- Up-to-date: /home/mscrobotics2425laptop29/cctv_nav_ws/install/cctv_gazebo/share/cctv_gazebo/local_setup.sh
[2.422s] -- Up-to-date: /home/mscrobotics2425laptop29/cctv_nav_ws/install/cctv_gazebo/share/cctv_gazebo/local_setup.zsh
[2.423s] -- Up-to-date: /home/mscrobotics2425laptop29/cctv_nav_ws/install/cctv_gazebo/share/cctv_gazebo/local_setup.dsv
[2.423s] -- Installing: /home/mscrobotics2425laptop29/cctv_nav_ws/install/cctv_gazebo/share/cctv_gazebo/package.dsv
[2.423s] -- Up-to-date: /home/mscrobotics2425laptop29/cctv_nav_ws/install/cctv_gazebo/share/ament_index/resource_index/packages/cctv_gazebo
[2.423s] -- Up-to-date: /home/mscrobotics2425laptop29/cctv_nav_ws/install/cctv_gazebo/share/cctv_gazebo/cmake/cctv_gazeboConfig.cmake
[2.423s] -- Up-to-date: /home/mscrobotics2425laptop29/cctv_nav_ws/install/cctv_gazebo/share/cctv_gazebo/cmake/cctv_gazeboConfig-version.cmake
[2.423s] -- Up-to-date: /home/mscrobotics2425laptop29/cctv_nav_ws/install/cctv_gazebo/share/cctv_gazebo/package.xml
[2.432s] Invoked command in '/home/mscrobotics2425laptop29/cctv_nav_ws/build/cctv_gazebo' returned '0': CMAKE_PREFIX_PATH=${CMAKE_PREFIX_PATH}:/home/mscrobotics2425laptop29/cctv_nav_ws/install/cctv_perception:/home/mscrobotics2425laptop29/cctv_nav_ws/install/cctv_navigation:/home/mscrobotics2425laptop29/cctv_nav_ws/install/cctv_mapping:/opt/ros/humble /usr/bin/cmake --install /home/mscrobotics2425laptop29/cctv_nav_ws/build/cctv_gazebo
