running egg_info
creating ../../build/cctv_perception/cctv_perception.egg-info
writing ../../build/cctv_perception/cctv_perception.egg-info/PKG-INFO
writing dependency_links to ../../build/cctv_perception/cctv_perception.egg-info/dependency_links.txt
writing entry points to ../../build/cctv_perception/cctv_perception.egg-info/entry_points.txt
writing requirements to ../../build/cctv_perception/cctv_perception.egg-info/requires.txt
writing top-level names to ../../build/cctv_perception/cctv_perception.egg-info/top_level.txt
writing manifest file '../../build/cctv_perception/cctv_perception.egg-info/SOURCES.txt'
reading manifest file '../../build/cctv_perception/cctv_perception.egg-info/SOURCES.txt'
writing manifest file '../../build/cctv_perception/cctv_perception.egg-info/SOURCES.txt'
running build
running build_py
creating /home/mscrobotics2425laptop29/cctv_nav_ws/build/cctv_perception/build
creating /home/mscrobotics2425laptop29/cctv_nav_ws/build/cctv_perception/build/lib
creating /home/mscrobotics2425laptop29/cctv_nav_ws/build/cctv_perception/build/lib/cctv_perception
copying cctv_perception/color_tracker.py -> /home/mscrobotics2425laptop29/cctv_nav_ws/build/cctv_perception/build/lib/cctv_perception
copying cctv_perception/__init__.py -> /home/mscrobotics2425laptop29/cctv_nav_ws/build/cctv_perception/build/lib/cctv_perception
running install
running install_lib
creating /home/mscrobotics2425laptop29/cctv_nav_ws/install/cctv_perception/lib/python3.10/site-packages/cctv_perception
copying /home/mscrobotics2425laptop29/cctv_nav_ws/build/cctv_perception/build/lib/cctv_perception/color_tracker.py -> /home/mscrobotics2425laptop29/cctv_nav_ws/install/cctv_perception/lib/python3.10/site-packages/cctv_perception
copying /home/mscrobotics2425laptop29/cctv_nav_ws/build/cctv_perception/build/lib/cctv_perception/__init__.py -> /home/mscrobotics2425laptop29/cctv_nav_ws/install/cctv_perception/lib/python3.10/site-packages/cctv_perception
byte-compiling /home/mscrobotics2425laptop29/cctv_nav_ws/install/cctv_perception/lib/python3.10/site-packages/cctv_perception/color_tracker.py to color_tracker.cpython-310.pyc
byte-compiling /home/mscrobotics2425laptop29/cctv_nav_ws/install/cctv_perception/lib/python3.10/site-packages/cctv_perception/__init__.py to __init__.cpython-310.pyc
running install_data
creating /home/mscrobotics2425laptop29/cctv_nav_ws/install/cctv_perception/share/ament_index
creating /home/mscrobotics2425laptop29/cctv_nav_ws/install/cctv_perception/share/ament_index/resource_index
creating /home/mscrobotics2425laptop29/cctv_nav_ws/install/cctv_perception/share/ament_index/resource_index/packages
copying resource/cctv_perception -> /home/mscrobotics2425laptop29/cctv_nav_ws/install/cctv_perception/share/ament_index/resource_index/packages
copying package.xml -> /home/mscrobotics2425laptop29/cctv_nav_ws/install/cctv_perception/share/cctv_perception
running install_egg_info
Copying ../../build/cctv_perception/cctv_perception.egg-info to /home/mscrobotics2425laptop29/cctv_nav_ws/install/cctv_perception/lib/python3.10/site-packages/cctv_perception-0.0.0-py3.10.egg-info
running install_scripts
Installing color_tracker script to /home/mscrobotics2425laptop29/cctv_nav_ws/install/cctv_perception/lib/cctv_perception
Installing tf_debug script to /home/mscrobotics2425laptop29/cctv_nav_ws/install/cctv_perception/lib/cctv_perception
writing list of installed files to '/home/mscrobotics2425laptop29/cctv_nav_ws/build/cctv_perception/install.log'
