[1.398s] Invoking command in '/home/mscrobotics2425laptop29/cctv_nav_ws/src/cctv_perception': PYTHONPATH=/home/mscrobotics2425laptop29/cctv_nav_ws/build/cctv_perception/prefix_override:/usr/lib/python3/dist-packages/colcon_core/task/python/colcon_distutils_commands:/home/mscrobotics2425laptop29/cctv_nav_ws/install/cctv_perception/lib/python3.10/site-packages:${PYTHONPATH} /usr/bin/python3 -W ignore:setup.py install is deprecated -W ignore:easy_install command is deprecated setup.py egg_info --egg-base ../../build/cctv_perception build --build-base /home/mscrobotics2425laptop29/cctv_nav_ws/build/cctv_perception/build install --record /home/mscrobotics2425laptop29/cctv_nav_ws/build/cctv_perception/install.log --single-version-externally-managed install_data
[1.620s] running egg_info
[1.622s] creating ../../build/cctv_perception/cctv_perception.egg-info
[1.622s] writing ../../build/cctv_perception/cctv_perception.egg-info/PKG-INFO
[1.622s] writing dependency_links to ../../build/cctv_perception/cctv_perception.egg-info/dependency_links.txt
[1.622s] writing entry points to ../../build/cctv_perception/cctv_perception.egg-info/entry_points.txt
[1.622s] writing requirements to ../../build/cctv_perception/cctv_perception.egg-info/requires.txt
[1.623s] writing top-level names to ../../build/cctv_perception/cctv_perception.egg-info/top_level.txt
[1.623s] writing manifest file '../../build/cctv_perception/cctv_perception.egg-info/SOURCES.txt'
[1.623s] reading manifest file '../../build/cctv_perception/cctv_perception.egg-info/SOURCES.txt'
[1.623s] writing manifest file '../../build/cctv_perception/cctv_perception.egg-info/SOURCES.txt'
[1.623s] running build
[1.623s] running build_py
[1.624s] creating /home/mscrobotics2425laptop29/cctv_nav_ws/build/cctv_perception/build
[1.624s] creating /home/mscrobotics2425laptop29/cctv_nav_ws/build/cctv_perception/build/lib
[1.624s] creating /home/mscrobotics2425laptop29/cctv_nav_ws/build/cctv_perception/build/lib/cctv_perception
[1.624s] copying cctv_perception/color_tracker.py -> /home/mscrobotics2425laptop29/cctv_nav_ws/build/cctv_perception/build/lib/cctv_perception
[1.625s] copying cctv_perception/__init__.py -> /home/mscrobotics2425laptop29/cctv_nav_ws/build/cctv_perception/build/lib/cctv_perception
[1.625s] running install
[1.625s] running install_lib
[1.625s] creating /home/mscrobotics2425laptop29/cctv_nav_ws/install/cctv_perception/lib/python3.10/site-packages/cctv_perception
[1.625s] copying /home/mscrobotics2425laptop29/cctv_nav_ws/build/cctv_perception/build/lib/cctv_perception/color_tracker.py -> /home/mscrobotics2425laptop29/cctv_nav_ws/install/cctv_perception/lib/python3.10/site-packages/cctv_perception
[1.626s] copying /home/mscrobotics2425laptop29/cctv_nav_ws/build/cctv_perception/build/lib/cctv_perception/__init__.py -> /home/mscrobotics2425laptop29/cctv_nav_ws/install/cctv_perception/lib/python3.10/site-packages/cctv_perception
[1.626s] byte-compiling /home/mscrobotics2425laptop29/cctv_nav_ws/install/cctv_perception/lib/python3.10/site-packages/cctv_perception/color_tracker.py to color_tracker.cpython-310.pyc
[1.627s] byte-compiling /home/mscrobotics2425laptop29/cctv_nav_ws/install/cctv_perception/lib/python3.10/site-packages/cctv_perception/__init__.py to __init__.cpython-310.pyc
[1.627s] running install_data
[1.627s] creating /home/mscrobotics2425laptop29/cctv_nav_ws/install/cctv_perception/share/ament_index
[1.627s] creating /home/mscrobotics2425laptop29/cctv_nav_ws/install/cctv_perception/share/ament_index/resource_index
[1.627s] creating /home/mscrobotics2425laptop29/cctv_nav_ws/install/cctv_perception/share/ament_index/resource_index/packages
[1.627s] copying resource/cctv_perception -> /home/mscrobotics2425laptop29/cctv_nav_ws/install/cctv_perception/share/ament_index/resource_index/packages
[1.627s] copying package.xml -> /home/mscrobotics2425laptop29/cctv_nav_ws/install/cctv_perception/share/cctv_perception
[1.627s] running install_egg_info
[1.630s] Copying ../../build/cctv_perception/cctv_perception.egg-info to /home/mscrobotics2425laptop29/cctv_nav_ws/install/cctv_perception/lib/python3.10/site-packages/cctv_perception-0.0.0-py3.10.egg-info
[1.631s] running install_scripts
[1.661s] Installing color_tracker script to /home/mscrobotics2425laptop29/cctv_nav_ws/install/cctv_perception/lib/cctv_perception
[1.661s] Installing tf_debug script to /home/mscrobotics2425laptop29/cctv_nav_ws/install/cctv_perception/lib/cctv_perception
[1.662s] writing list of installed files to '/home/mscrobotics2425laptop29/cctv_nav_ws/build/cctv_perception/install.log'
[1.732s] Invoked command in '/home/mscrobotics2425laptop29/cctv_nav_ws/src/cctv_perception' returned '0': PYTHONPATH=/home/mscrobotics2425laptop29/cctv_nav_ws/build/cctv_perception/prefix_override:/usr/lib/python3/dist-packages/colcon_core/task/python/colcon_distutils_commands:/home/mscrobotics2425laptop29/cctv_nav_ws/install/cctv_perception/lib/python3.10/site-packages:${PYTHONPATH} /usr/bin/python3 -W ignore:setup.py install is deprecated -W ignore:easy_install command is deprecated setup.py egg_info --egg-base ../../build/cctv_perception build --build-base /home/mscrobotics2425laptop29/cctv_nav_ws/build/cctv_perception/build install --record /home/mscrobotics2425laptop29/cctv_nav_ws/build/cctv_perception/install.log --single-version-externally-managed install_data
