[2.154s] Invoking command in '/home/mscrobotics2425laptop29/cctv_nav_ws/src/cctv_navigation': PYTHONPATH=/home/mscrobotics2425laptop29/cctv_nav_ws/build/cctv_navigation/prefix_override:/usr/lib/python3/dist-packages/colcon_core/task/python/colcon_distutils_commands:/home/mscrobotics2425laptop29/cctv_nav_ws/install/cctv_navigation/lib/python3.10/site-packages:${PYTHONPATH} /usr/bin/python3 -W ignore:setup.py install is deprecated -W ignore:easy_install command is deprecated setup.py egg_info --egg-base ../../build/cctv_navigation build --build-base /home/mscrobotics2425laptop29/cctv_nav_ws/build/cctv_navigation/build install --record /home/mscrobotics2425laptop29/cctv_nav_ws/build/cctv_navigation/install.log --single-version-externally-managed install_data
[2.755s] running egg_info
[2.759s] writing ../../build/cctv_navigation/cctv_navigation.egg-info/PKG-INFO
[2.760s] writing dependency_links to ../../build/cctv_navigation/cctv_navigation.egg-info/dependency_links.txt
[2.761s] writing entry points to ../../build/cctv_navigation/cctv_navigation.egg-info/entry_points.txt
[2.762s] writing requirements to ../../build/cctv_navigation/cctv_navigation.egg-info/requires.txt
[2.762s] writing top-level names to ../../build/cctv_navigation/cctv_navigation.egg-info/top_level.txt
[2.769s] reading manifest file '../../build/cctv_navigation/cctv_navigation.egg-info/SOURCES.txt'
[2.771s] writing manifest file '../../build/cctv_navigation/cctv_navigation.egg-info/SOURCES.txt'
[2.772s] running build
[2.772s] running build_py
[2.772s] running install
[2.772s] running install_lib
[2.776s] running install_data
[2.776s] running install_egg_info
[2.781s] removing '/home/mscrobotics2425laptop29/cctv_nav_ws/install/cctv_navigation/lib/python3.10/site-packages/cctv_navigation-0.0.0-py3.10.egg-info' (and everything under it)
[2.781s] Copying ../../build/cctv_navigation/cctv_navigation.egg-info to /home/mscrobotics2425laptop29/cctv_nav_ws/install/cctv_navigation/lib/python3.10/site-packages/cctv_navigation-0.0.0-py3.10.egg-info
[2.784s] running install_scripts
[2.844s] Installing navigation_controller script to /home/mscrobotics2425laptop29/cctv_nav_ws/install/cctv_navigation/lib/cctv_navigation
[2.845s] writing list of installed files to '/home/mscrobotics2425laptop29/cctv_nav_ws/build/cctv_navigation/install.log'
[2.944s] Invoked command in '/home/mscrobotics2425laptop29/cctv_nav_ws/src/cctv_navigation' returned '0': PYTHONPATH=/home/mscrobotics2425laptop29/cctv_nav_ws/build/cctv_navigation/prefix_override:/usr/lib/python3/dist-packages/colcon_core/task/python/colcon_distutils_commands:/home/mscrobotics2425laptop29/cctv_nav_ws/install/cctv_navigation/lib/python3.10/site-packages:${PYTHONPATH} /usr/bin/python3 -W ignore:setup.py install is deprecated -W ignore:easy_install command is deprecated setup.py egg_info --egg-base ../../build/cctv_navigation build --build-base /home/mscrobotics2425laptop29/cctv_nav_ws/build/cctv_navigation/build install --record /home/mscrobotics2425laptop29/cctv_nav_ws/build/cctv_navigation/install.log --single-version-externally-managed install_data
