[1.207s] Invoking command in '/home/mscrobotics2425laptop29/cctv_nav_ws/src/cctv_navigation': PYTHONPATH=/home/mscrobotics2425laptop29/cctv_nav_ws/build/cctv_navigation/prefix_override:/usr/lib/python3/dist-packages/colcon_core/task/python/colcon_distutils_commands:/home/mscrobotics2425laptop29/cctv_nav_ws/install/cctv_navigation/lib/python3.10/site-packages:${PYTHONPATH} /usr/bin/python3 -W ignore:setup.py install is deprecated -W ignore:easy_install command is deprecated setup.py egg_info --egg-base ../../build/cctv_navigation build --build-base /home/mscrobotics2425laptop29/cctv_nav_ws/build/cctv_navigation/build install --record /home/mscrobotics2425laptop29/cctv_nav_ws/build/cctv_navigation/install.log --single-version-externally-managed install_data
[1.413s] running egg_info
[1.413s] writing ../../build/cctv_navigation/cctv_navigation.egg-info/PKG-INFO
[1.414s] writing dependency_links to ../../build/cctv_navigation/cctv_navigation.egg-info/dependency_links.txt
[1.414s] writing entry points to ../../build/cctv_navigation/cctv_navigation.egg-info/entry_points.txt
[1.414s] writing requirements to ../../build/cctv_navigation/cctv_navigation.egg-info/requires.txt
[1.415s] writing top-level names to ../../build/cctv_navigation/cctv_navigation.egg-info/top_level.txt
[1.417s] reading manifest file '../../build/cctv_navigation/cctv_navigation.egg-info/SOURCES.txt'
[1.418s] writing manifest file '../../build/cctv_navigation/cctv_navigation.egg-info/SOURCES.txt'
[1.418s] running build
[1.418s] running build_py
[1.418s] copying cctv_navigation/astar_debug_navigation.py -> /home/mscrobotics2425laptop29/cctv_nav_ws/build/cctv_navigation/build/lib/cctv_navigation
[1.418s] running install
[1.418s] running install_lib
[1.419s] copying /home/mscrobotics2425laptop29/cctv_nav_ws/build/cctv_navigation/build/lib/cctv_navigation/astar_debug_navigation.py -> /home/mscrobotics2425laptop29/cctv_nav_ws/install/cctv_navigation/lib/python3.10/site-packages/cctv_navigation
[1.419s] byte-compiling /home/mscrobotics2425laptop29/cctv_nav_ws/install/cctv_navigation/lib/python3.10/site-packages/cctv_navigation/astar_debug_navigation.py to astar_debug_navigation.cpython-310.pyc
[1.422s] running install_data
[1.422s] running install_egg_info
[1.423s] removing '/home/mscrobotics2425laptop29/cctv_nav_ws/install/cctv_navigation/lib/python3.10/site-packages/cctv_navigation-0.0.0-py3.10.egg-info' (and everything under it)
[1.423s] Copying ../../build/cctv_navigation/cctv_navigation.egg-info to /home/mscrobotics2425laptop29/cctv_nav_ws/install/cctv_navigation/lib/python3.10/site-packages/cctv_navigation-0.0.0-py3.10.egg-info
[1.424s] running install_scripts
[1.444s] Installing astar_debug_navigation script to /home/mscrobotics2425laptop29/cctv_nav_ws/install/cctv_navigation/lib/cctv_navigation
[1.444s] Installing astar_navigation_controller script to /home/mscrobotics2425laptop29/cctv_nav_ws/install/cctv_navigation/lib/cctv_navigation
[1.444s] writing list of installed files to '/home/mscrobotics2425laptop29/cctv_nav_ws/build/cctv_navigation/install.log'
[1.472s] Invoked command in '/home/mscrobotics2425laptop29/cctv_nav_ws/src/cctv_navigation' returned '0': PYTHONPATH=/home/mscrobotics2425laptop29/cctv_nav_ws/build/cctv_navigation/prefix_override:/usr/lib/python3/dist-packages/colcon_core/task/python/colcon_distutils_commands:/home/mscrobotics2425laptop29/cctv_nav_ws/install/cctv_navigation/lib/python3.10/site-packages:${PYTHONPATH} /usr/bin/python3 -W ignore:setup.py install is deprecated -W ignore:easy_install command is deprecated setup.py egg_info --egg-base ../../build/cctv_navigation build --build-base /home/mscrobotics2425laptop29/cctv_nav_ws/build/cctv_navigation/build install --record /home/mscrobotics2425laptop29/cctv_nav_ws/build/cctv_navigation/install.log --single-version-externally-managed install_data
