[3.718s] Invoking command in '/home/mscrobotics2425laptop29/cctv_nav_ws/src/cctv_mapping': PYTHONPATH=/home/mscrobotics2425laptop29/cctv_nav_ws/build/cctv_mapping/prefix_override:/usr/lib/python3/dist-packages/colcon_core/task/python/colcon_distutils_commands:/home/mscrobotics2425laptop29/cctv_nav_ws/install/cctv_mapping/lib/python3.10/site-packages:${PYTHONPATH} /usr/bin/python3 -W ignore:setup.py install is deprecated -W ignore:easy_install command is deprecated setup.py egg_info --egg-base ../../build/cctv_mapping build --build-base /home/mscrobotics2425laptop29/cctv_nav_ws/build/cctv_mapping/build install --record /home/mscrobotics2425laptop29/cctv_nav_ws/build/cctv_mapping/install.log --single-version-externally-managed install_data
[4.671s] running egg_info
[4.672s] creating ../../build/cctv_mapping/cctv_mapping.egg-info
[4.672s] writing ../../build/cctv_mapping/cctv_mapping.egg-info/PKG-INFO
[4.673s] writing dependency_links to ../../build/cctv_mapping/cctv_mapping.egg-info/dependency_links.txt
[4.673s] writing entry points to ../../build/cctv_mapping/cctv_mapping.egg-info/entry_points.txt
[4.674s] writing requirements to ../../build/cctv_mapping/cctv_mapping.egg-info/requires.txt
[4.676s] writing top-level names to ../../build/cctv_mapping/cctv_mapping.egg-info/top_level.txt
[4.677s] writing manifest file '../../build/cctv_mapping/cctv_mapping.egg-info/SOURCES.txt'
[4.682s] reading manifest file '../../build/cctv_mapping/cctv_mapping.egg-info/SOURCES.txt'
[4.686s] writing manifest file '../../build/cctv_mapping/cctv_mapping.egg-info/SOURCES.txt'
[4.689s] running build
[4.689s] running build_py
[4.689s] creating /home/mscrobotics2425laptop29/cctv_nav_ws/build/cctv_mapping/build
[4.690s] creating /home/mscrobotics2425laptop29/cctv_nav_ws/build/cctv_mapping/build/lib
[4.690s] creating /home/mscrobotics2425laptop29/cctv_nav_ws/build/cctv_mapping/build/lib/cctv_mapping
[4.690s] copying cctv_mapping/map_builder.py -> /home/mscrobotics2425laptop29/cctv_nav_ws/build/cctv_mapping/build/lib/cctv_mapping
[4.690s] copying cctv_mapping/__init__.py -> /home/mscrobotics2425laptop29/cctv_nav_ws/build/cctv_mapping/build/lib/cctv_mapping
[4.693s] running install
[4.696s] running install_lib
[4.697s] creating /home/mscrobotics2425laptop29/cctv_nav_ws/install/cctv_mapping/lib/python3.10/site-packages/cctv_mapping
[4.697s] copying /home/mscrobotics2425laptop29/cctv_nav_ws/build/cctv_mapping/build/lib/cctv_mapping/map_builder.py -> /home/mscrobotics2425laptop29/cctv_nav_ws/install/cctv_mapping/lib/python3.10/site-packages/cctv_mapping
[4.699s] copying /home/mscrobotics2425laptop29/cctv_nav_ws/build/cctv_mapping/build/lib/cctv_mapping/__init__.py -> /home/mscrobotics2425laptop29/cctv_nav_ws/install/cctv_mapping/lib/python3.10/site-packages/cctv_mapping
[4.707s] byte-compiling /home/mscrobotics2425laptop29/cctv_nav_ws/install/cctv_mapping/lib/python3.10/site-packages/cctv_mapping/map_builder.py to map_builder.cpython-310.pyc
[4.715s] byte-compiling /home/mscrobotics2425laptop29/cctv_nav_ws/install/cctv_mapping/lib/python3.10/site-packages/cctv_mapping/__init__.py to __init__.cpython-310.pyc
[4.716s] running install_data
[4.716s] creating /home/mscrobotics2425laptop29/cctv_nav_ws/install/cctv_mapping/share/ament_index
[4.718s] creating /home/mscrobotics2425laptop29/cctv_nav_ws/install/cctv_mapping/share/ament_index/resource_index
[4.719s] creating /home/mscrobotics2425laptop29/cctv_nav_ws/install/cctv_mapping/share/ament_index/resource_index/packages
[4.720s] copying resource/cctv_mapping -> /home/mscrobotics2425laptop29/cctv_nav_ws/install/cctv_mapping/share/ament_index/resource_index/packages
[4.720s] copying package.xml -> /home/mscrobotics2425laptop29/cctv_nav_ws/install/cctv_mapping/share/cctv_mapping
[4.720s] running install_egg_info
[4.725s] Copying ../../build/cctv_mapping/cctv_mapping.egg-info to /home/mscrobotics2425laptop29/cctv_nav_ws/install/cctv_mapping/lib/python3.10/site-packages/cctv_mapping-0.0.0-py3.10.egg-info
[4.729s] running install_scripts
[4.807s] Installing map_builder script to /home/mscrobotics2425laptop29/cctv_nav_ws/install/cctv_mapping/lib/cctv_mapping
[4.809s] writing list of installed files to '/home/mscrobotics2425laptop29/cctv_nav_ws/build/cctv_mapping/install.log'
[4.951s] Invoked command in '/home/mscrobotics2425laptop29/cctv_nav_ws/src/cctv_mapping' returned '0': PYTHONPATH=/home/mscrobotics2425laptop29/cctv_nav_ws/build/cctv_mapping/prefix_override:/usr/lib/python3/dist-packages/colcon_core/task/python/colcon_distutils_commands:/home/mscrobotics2425laptop29/cctv_nav_ws/install/cctv_mapping/lib/python3.10/site-packages:${PYTHONPATH} /usr/bin/python3 -W ignore:setup.py install is deprecated -W ignore:easy_install command is deprecated setup.py egg_info --egg-base ../../build/cctv_mapping build --build-base /home/mscrobotics2425laptop29/cctv_nav_ws/build/cctv_mapping/build install --record /home/mscrobotics2425laptop29/cctv_nav_ws/build/cctv_mapping/install.log --single-version-externally-managed install_data
