[1.151s] Invoking command in '/home/mscrobotics2425laptop29/cctv_nav_ws/src/cctv_perception': PYTHONPATH=/home/mscrobotics2425laptop29/cctv_nav_ws/build/cctv_perception/prefix_override:/usr/lib/python3/dist-packages/colcon_core/task/python/colcon_distutils_commands:/home/mscrobotics2425laptop29/cctv_nav_ws/install/cctv_perception/lib/python3.10/site-packages:${PYTHONPATH} /usr/bin/python3 -W ignore:setup.py install is deprecated -W ignore:easy_install command is deprecated setup.py egg_info --egg-base ../../build/cctv_perception build --build-base /home/mscrobotics2425laptop29/cctv_nav_ws/build/cctv_perception/build install --record /home/mscrobotics2425laptop29/cctv_nav_ws/build/cctv_perception/install.log --single-version-externally-managed install_data
[1.332s] running egg_info
[1.332s] writing ../../build/cctv_perception/cctv_perception.egg-info/PKG-INFO
[1.333s] writing dependency_links to ../../build/cctv_perception/cctv_perception.egg-info/dependency_links.txt
[1.333s] writing entry points to ../../build/cctv_perception/cctv_perception.egg-info/entry_points.txt
[1.333s] writing requirements to ../../build/cctv_perception/cctv_perception.egg-info/requires.txt
[1.333s] writing top-level names to ../../build/cctv_perception/cctv_perception.egg-info/top_level.txt
[1.335s] reading manifest file '../../build/cctv_perception/cctv_perception.egg-info/SOURCES.txt'
[1.336s] writing manifest file '../../build/cctv_perception/cctv_perception.egg-info/SOURCES.txt'
[1.336s] running build
[1.336s] running build_py
[1.336s] copying cctv_perception/color_tracker.py -> /home/mscrobotics2425laptop29/cctv_nav_ws/build/cctv_perception/build/lib/cctv_perception
[1.336s] running install
[1.336s] running install_lib
[1.337s] copying /home/mscrobotics2425laptop29/cctv_nav_ws/build/cctv_perception/build/lib/cctv_perception/color_tracker.py -> /home/mscrobotics2425laptop29/cctv_nav_ws/install/cctv_perception/lib/python3.10/site-packages/cctv_perception
[1.337s] byte-compiling /home/mscrobotics2425laptop29/cctv_nav_ws/install/cctv_perception/lib/python3.10/site-packages/cctv_perception/color_tracker.py to color_tracker.cpython-310.pyc
[1.339s] running install_data
[1.339s] running install_egg_info
[1.341s] removing '/home/mscrobotics2425laptop29/cctv_nav_ws/install/cctv_perception/lib/python3.10/site-packages/cctv_perception-0.0.0-py3.10.egg-info' (and everything under it)
[1.341s] Copying ../../build/cctv_perception/cctv_perception.egg-info to /home/mscrobotics2425laptop29/cctv_nav_ws/install/cctv_perception/lib/python3.10/site-packages/cctv_perception-0.0.0-py3.10.egg-info
[1.341s] running install_scripts
[1.364s] Installing color_tracker script to /home/mscrobotics2425laptop29/cctv_nav_ws/install/cctv_perception/lib/cctv_perception
[1.364s] Installing tf_debug script to /home/mscrobotics2425laptop29/cctv_nav_ws/install/cctv_perception/lib/cctv_perception
[1.364s] writing list of installed files to '/home/mscrobotics2425laptop29/cctv_nav_ws/build/cctv_perception/install.log'
[1.389s] Invoked command in '/home/mscrobotics2425laptop29/cctv_nav_ws/src/cctv_perception' returned '0': PYTHONPATH=/home/mscrobotics2425laptop29/cctv_nav_ws/build/cctv_perception/prefix_override:/usr/lib/python3/dist-packages/colcon_core/task/python/colcon_distutils_commands:/home/mscrobotics2425laptop29/cctv_nav_ws/install/cctv_perception/lib/python3.10/site-packages:${PYTHONPATH} /usr/bin/python3 -W ignore:setup.py install is deprecated -W ignore:easy_install command is deprecated setup.py egg_info --egg-base ../../build/cctv_perception build --build-base /home/mscrobotics2425laptop29/cctv_nav_ws/build/cctv_perception/build install --record /home/mscrobotics2425laptop29/cctv_nav_ws/build/cctv_perception/install.log --single-version-externally-managed install_data
