[0.075s] Invoking command in '/home/mscrobotics2425laptop29/cctv_nav_ws/build/cctv_gazebo': CMAKE_PREFIX_PATH=${CMAKE_PREFIX_PATH}:/home/mscrobotics2425laptop29/cctv_nav_ws/install/cctv_perception:/home/mscrobotics2425laptop29/cctv_nav_ws/install/cctv_navigation:/home/mscrobotics2425laptop29/cctv_nav_ws/install/cctv_mapping:/opt/ros/humble /usr/bin/cmake --build /home/mscrobotics2425laptop29/cctv_nav_ws/build/cctv_gazebo -- -j12 -l12
[1.184s] Invoked command in '/home/mscrobotics2425laptop29/cctv_nav_ws/build/cctv_gazebo' returned '0': CMAKE_PREFIX_PATH=${CMAKE_PREFIX_PATH}:/home/mscrobotics2425laptop29/cctv_nav_ws/install/cctv_perception:/home/mscrobotics2425laptop29/cctv_nav_ws/install/cctv_navigation:/home/mscrobotics2425laptop29/cctv_nav_ws/install/cctv_mapping:/opt/ros/humble /usr/bin/cmake --build /home/mscrobotics2425laptop29/cctv_nav_ws/build/cctv_gazebo -- -j12 -l12
[1.206s] Invoking command in '/home/mscrobotics2425laptop29/cctv_nav_ws/build/cctv_gazebo': CMAKE_PREFIX_PATH=${CMAKE_PREFIX_PATH}:/home/mscrobotics2425laptop29/cctv_nav_ws/install/cctv_perception:/home/mscrobotics2425laptop29/cctv_nav_ws/install/cctv_navigation:/home/mscrobotics2425laptop29/cctv_nav_ws/install/cctv_mapping:/opt/ros/humble /usr/bin/cmake --install /home/mscrobotics2425laptop29/cctv_nav_ws/build/cctv_gazebo
[1.225s] -- Install configuration: ""
[1.226s] -- Up-to-date: /home/mscrobotics2425laptop29/cctv_nav_ws/install/cctv_gazebo/share/cctv_gazebo//launch
[1.226s] -- Up-to-date: /home/mscrobotics2425laptop29/cctv_nav_ws/install/cctv_gazebo/share/cctv_gazebo//launch/cctv_world.launch.py
[1.226s] -- Up-to-date: /home/mscrobotics2425laptop29/cctv_nav_ws/install/cctv_gazebo/share/cctv_gazebo//worlds
[1.226s] -- Up-to-date: /home/mscrobotics2425laptop29/cctv_nav_ws/install/cctv_gazebo/share/cctv_gazebo//worlds/cctv_world.world
[1.226s] -- Up-to-date: /home/mscrobotics2425laptop29/cctv_nav_ws/install/cctv_gazebo/share/ament_index/resource_index/package_run_dependencies/cctv_gazebo
[1.226s] -- Up-to-date: /home/mscrobotics2425laptop29/cctv_nav_ws/install/cctv_gazebo/share/ament_index/resource_index/parent_prefix_path/cctv_gazebo
[1.226s] -- Up-to-date: /home/mscrobotics2425laptop29/cctv_nav_ws/install/cctv_gazebo/share/cctv_gazebo/environment/ament_prefix_path.sh
[1.227s] -- Up-to-date: /home/mscrobotics2425laptop29/cctv_nav_ws/install/cctv_gazebo/share/cctv_gazebo/environment/ament_prefix_path.dsv
[1.227s] -- Up-to-date: /home/mscrobotics2425laptop29/cctv_nav_ws/install/cctv_gazebo/share/cctv_gazebo/environment/path.sh
[1.227s] -- Up-to-date: /home/mscrobotics2425laptop29/cctv_nav_ws/install/cctv_gazebo/share/cctv_gazebo/environment/path.dsv
[1.227s] -- Up-to-date: /home/mscrobotics2425laptop29/cctv_nav_ws/install/cctv_gazebo/share/cctv_gazebo/local_setup.bash
[1.227s] -- Up-to-date: /home/mscrobotics2425laptop29/cctv_nav_ws/install/cctv_gazebo/share/cctv_gazebo/local_setup.sh
[1.228s] -- Up-to-date: /home/mscrobotics2425laptop29/cctv_nav_ws/install/cctv_gazebo/share/cctv_gazebo/local_setup.zsh
[1.229s] -- Up-to-date: /home/mscrobotics2425laptop29/cctv_nav_ws/install/cctv_gazebo/share/cctv_gazebo/local_setup.dsv
[1.229s] -- Installing: /home/mscrobotics2425laptop29/cctv_nav_ws/install/cctv_gazebo/share/cctv_gazebo/package.dsv
[1.229s] -- Up-to-date: /home/mscrobotics2425laptop29/cctv_nav_ws/install/cctv_gazebo/share/ament_index/resource_index/packages/cctv_gazebo
[1.229s] -- Up-to-date: /home/mscrobotics2425laptop29/cctv_nav_ws/install/cctv_gazebo/share/cctv_gazebo/cmake/cctv_gazeboConfig.cmake
[1.230s] -- Up-to-date: /home/mscrobotics2425laptop29/cctv_nav_ws/install/cctv_gazebo/share/cctv_gazebo/cmake/cctv_gazeboConfig-version.cmake
[1.232s] -- Up-to-date: /home/mscrobotics2425laptop29/cctv_nav_ws/install/cctv_gazebo/share/cctv_gazebo/package.xml
[1.234s] Invoked command in '/home/mscrobotics2425laptop29/cctv_nav_ws/build/cctv_gazebo' returned '0': CMAKE_PREFIX_PATH=${CMAKE_PREFIX_PATH}:/home/mscrobotics2425laptop29/cctv_nav_ws/install/cctv_perception:/home/mscrobotics2425laptop29/cctv_nav_ws/install/cctv_navigation:/home/mscrobotics2425laptop29/cctv_nav_ws/install/cctv_mapping:/opt/ros/humble /usr/bin/cmake --install /home/mscrobotics2425laptop29/cctv_nav_ws/build/cctv_gazebo
