running egg_info
writing ../../build/cctv_mapping/cctv_mapping.egg-info/PKG-INFO
writing dependency_links to ../../build/cctv_mapping/cctv_mapping.egg-info/dependency_links.txt
writing entry points to ../../build/cctv_mapping/cctv_mapping.egg-info/entry_points.txt
writing requirements to ../../build/cctv_mapping/cctv_mapping.egg-info/requires.txt
writing top-level names to ../../build/cctv_mapping/cctv_mapping.egg-info/top_level.txt
reading manifest file '../../build/cctv_mapping/cctv_mapping.egg-info/SOURCES.txt'
writing manifest file '../../build/cctv_mapping/cctv_mapping.egg-info/SOURCES.txt'
running build
running build_py
copying cctv_mapping/map_builder_fixed.py -> /home/mscrobotics2425laptop29/cctv_nav_ws/build/cctv_mapping/build/lib/cctv_mapping
running install
running install_lib
copying /home/mscrobotics2425laptop29/cctv_nav_ws/build/cctv_mapping/build/lib/cctv_mapping/map_builder_fixed.py -> /home/mscrobotics2425laptop29/cctv_nav_ws/install/cctv_mapping/lib/python3.10/site-packages/cctv_mapping
byte-compiling /home/mscrobotics2425laptop29/cctv_nav_ws/install/cctv_mapping/lib/python3.10/site-packages/cctv_mapping/map_builder_fixed.py to map_builder_fixed.cpython-310.pyc
running install_data
running install_egg_info
removing '/home/mscrobotics2425laptop29/cctv_nav_ws/install/cctv_mapping/lib/python3.10/site-packages/cctv_mapping-0.0.0-py3.10.egg-info' (and everything under it)
Copying ../../build/cctv_mapping/cctv_mapping.egg-info to /home/mscrobotics2425laptop29/cctv_nav_ws/install/cctv_mapping/lib/python3.10/site-packages/cctv_mapping-0.0.0-py3.10.egg-info
running install_scripts
Installing map_builder script to /home/mscrobotics2425laptop29/cctv_nav_ws/install/cctv_mapping/lib/cctv_mapping
writing list of installed files to '/home/mscrobotics2425laptop29/cctv_nav_ws/build/cctv_mapping/install.log'
