[0.931s] Invoking command in '/home/mscrobotics2425laptop29/cctv_nav_ws/src/cctv_mapping': PYTHONPATH=/home/mscrobotics2425laptop29/cctv_nav_ws/build/cctv_mapping/prefix_override:/usr/lib/python3/dist-packages/colcon_core/task/python/colcon_distutils_commands:/home/mscrobotics2425laptop29/cctv_nav_ws/install/cctv_mapping/lib/python3.10/site-packages:${PYTHONPATH} /usr/bin/python3 -W ignore:setup.py install is deprecated -W ignore:easy_install command is deprecated setup.py egg_info --egg-base ../../build/cctv_mapping build --build-base /home/mscrobotics2425laptop29/cctv_nav_ws/build/cctv_mapping/build install --record /home/mscrobotics2425laptop29/cctv_nav_ws/build/cctv_mapping/install.log --single-version-externally-managed install_data
[1.114s] running egg_info
[1.115s] writing ../../build/cctv_mapping/cctv_mapping.egg-info/PKG-INFO
[1.115s] writing dependency_links to ../../build/cctv_mapping/cctv_mapping.egg-info/dependency_links.txt
[1.115s] writing entry points to ../../build/cctv_mapping/cctv_mapping.egg-info/entry_points.txt
[1.115s] writing requirements to ../../build/cctv_mapping/cctv_mapping.egg-info/requires.txt
[1.115s] writing top-level names to ../../build/cctv_mapping/cctv_mapping.egg-info/top_level.txt
[1.117s] reading manifest file '../../build/cctv_mapping/cctv_mapping.egg-info/SOURCES.txt'
[1.117s] writing manifest file '../../build/cctv_mapping/cctv_mapping.egg-info/SOURCES.txt'
[1.117s] running build
[1.117s] running build_py
[1.117s] running install
[1.118s] running install_lib
[1.119s] running install_data
[1.119s] running install_egg_info
[1.120s] removing '/home/mscrobotics2425laptop29/cctv_nav_ws/install/cctv_mapping/lib/python3.10/site-packages/cctv_mapping-0.0.0-py3.10.egg-info' (and everything under it)
[1.121s] Copying ../../build/cctv_mapping/cctv_mapping.egg-info to /home/mscrobotics2425laptop29/cctv_nav_ws/install/cctv_mapping/lib/python3.10/site-packages/cctv_mapping-0.0.0-py3.10.egg-info
[1.121s] running install_scripts
[1.139s] Installing map_builder script to /home/mscrobotics2425laptop29/cctv_nav_ws/install/cctv_mapping/lib/cctv_mapping
[1.139s] writing list of installed files to '/home/mscrobotics2425laptop29/cctv_nav_ws/build/cctv_mapping/install.log'
[1.162s] Invoked command in '/home/mscrobotics2425laptop29/cctv_nav_ws/src/cctv_mapping' returned '0': PYTHONPATH=/home/mscrobotics2425laptop29/cctv_nav_ws/build/cctv_mapping/prefix_override:/usr/lib/python3/dist-packages/colcon_core/task/python/colcon_distutils_commands:/home/mscrobotics2425laptop29/cctv_nav_ws/install/cctv_mapping/lib/python3.10/site-packages:${PYTHONPATH} /usr/bin/python3 -W ignore:setup.py install is deprecated -W ignore:easy_install command is deprecated setup.py egg_info --egg-base ../../build/cctv_mapping build --build-base /home/mscrobotics2425laptop29/cctv_nav_ws/build/cctv_mapping/build install --record /home/mscrobotics2425laptop29/cctv_nav_ws/build/cctv_mapping/install.log --single-version-externally-managed install_data
