[0.871s] Invoking command in '/home/mscrobotics2425laptop29/cctv_nav_ws/src/cctv_navigation': PYTHONPATH=/home/mscrobotics2425laptop29/cctv_nav_ws/build/cctv_navigation/prefix_override:/usr/lib/python3/dist-packages/colcon_core/task/python/colcon_distutils_commands:/home/mscrobotics2425laptop29/cctv_nav_ws/install/cctv_navigation/lib/python3.10/site-packages:${PYTHONPATH} /usr/bin/python3 -W ignore:setup.py install is deprecated -W ignore:easy_install command is deprecated setup.py egg_info --egg-base ../../build/cctv_navigation build --build-base /home/mscrobotics2425laptop29/cctv_nav_ws/build/cctv_navigation/build install --record /home/mscrobotics2425laptop29/cctv_nav_ws/build/cctv_navigation/install.log --single-version-externally-managed install_data
[1.057s] running egg_info
[1.057s] writing ../../build/cctv_navigation/cctv_navigation.egg-info/PKG-INFO
[1.058s] writing dependency_links to ../../build/cctv_navigation/cctv_navigation.egg-info/dependency_links.txt
[1.058s] writing entry points to ../../build/cctv_navigation/cctv_navigation.egg-info/entry_points.txt
[1.058s] writing requirements to ../../build/cctv_navigation/cctv_navigation.egg-info/requires.txt
[1.058s] writing top-level names to ../../build/cctv_navigation/cctv_navigation.egg-info/top_level.txt
[1.060s] reading manifest file '../../build/cctv_navigation/cctv_navigation.egg-info/SOURCES.txt'
[1.060s] writing manifest file '../../build/cctv_navigation/cctv_navigation.egg-info/SOURCES.txt'
[1.060s] running build
[1.061s] running build_py
[1.061s] copying cctv_navigation/astar_planner.py -> /home/mscrobotics2425laptop29/cctv_nav_ws/build/cctv_navigation/build/lib/cctv_navigation
[1.061s] copying cctv_navigation/navigation_controller.py -> /home/mscrobotics2425laptop29/cctv_nav_ws/build/cctv_navigation/build/lib/cctv_navigation
[1.061s] running install
[1.061s] running install_lib
[1.062s] copying /home/mscrobotics2425laptop29/cctv_nav_ws/build/cctv_navigation/build/lib/cctv_navigation/astar_planner.py -> /home/mscrobotics2425laptop29/cctv_nav_ws/install/cctv_navigation/lib/python3.10/site-packages/cctv_navigation
[1.062s] copying /home/mscrobotics2425laptop29/cctv_nav_ws/build/cctv_navigation/build/lib/cctv_navigation/navigation_controller.py -> /home/mscrobotics2425laptop29/cctv_nav_ws/install/cctv_navigation/lib/python3.10/site-packages/cctv_navigation
[1.062s] byte-compiling /home/mscrobotics2425laptop29/cctv_nav_ws/install/cctv_navigation/lib/python3.10/site-packages/cctv_navigation/astar_planner.py to astar_planner.cpython-310.pyc
[1.064s] byte-compiling /home/mscrobotics2425laptop29/cctv_nav_ws/install/cctv_navigation/lib/python3.10/site-packages/cctv_navigation/navigation_controller.py to navigation_controller.cpython-310.pyc
[1.065s] running install_data
[1.066s] running install_egg_info
[1.067s] removing '/home/mscrobotics2425laptop29/cctv_nav_ws/install/cctv_navigation/lib/python3.10/site-packages/cctv_navigation-0.0.0-py3.10.egg-info' (and everything under it)
[1.067s] Copying ../../build/cctv_navigation/cctv_navigation.egg-info to /home/mscrobotics2425laptop29/cctv_nav_ws/install/cctv_navigation/lib/python3.10/site-packages/cctv_navigation-0.0.0-py3.10.egg-info
[1.067s] running install_scripts
[1.090s] Installing astar_planner script to /home/mscrobotics2425laptop29/cctv_nav_ws/install/cctv_navigation/lib/cctv_navigation
[1.090s] Installing navigation_controller script to /home/mscrobotics2425laptop29/cctv_nav_ws/install/cctv_navigation/lib/cctv_navigation
[1.091s] writing list of installed files to '/home/mscrobotics2425laptop29/cctv_nav_ws/build/cctv_navigation/install.log'
[1.112s] Invoked command in '/home/mscrobotics2425laptop29/cctv_nav_ws/src/cctv_navigation' returned '0': PYTHONPATH=/home/mscrobotics2425laptop29/cctv_nav_ws/build/cctv_navigation/prefix_override:/usr/lib/python3/dist-packages/colcon_core/task/python/colcon_distutils_commands:/home/mscrobotics2425laptop29/cctv_nav_ws/install/cctv_navigation/lib/python3.10/site-packages:${PYTHONPATH} /usr/bin/python3 -W ignore:setup.py install is deprecated -W ignore:easy_install command is deprecated setup.py egg_info --egg-base ../../build/cctv_navigation build --build-base /home/mscrobotics2425laptop29/cctv_nav_ws/build/cctv_navigation/build install --record /home/mscrobotics2425laptop29/cctv_nav_ws/build/cctv_navigation/install.log --single-version-externally-managed install_data
